{"/Users/martient/Documents/packitoo/ETL/nodes/hipe/Companies/actions/Create.ts": {"path":"/Users/martient/Documents/packitoo/ETL/nodes/hipe/Companies/actions/Create.ts","statementMap":{"0":{"start":{"line":134,"column":0},"end":{"line":134,"column":7}},"1":{"start":{"line":6,"column":13},"end":{"line":131,"column":2}},"2":{"start":{"line":138,"column":42},"end":{"line":138,"column":44}},"3":{"start":{"line":141,"column":21},"end":{"line":141,"column":57}},"4":{"start":{"line":142,"column":15},"end":{"line":142,"column":30}},"5":{"start":{"line":143,"column":1},"end":{"line":145,"column":2}},"6":{"start":{"line":144,"column":2},"end":{"line":144,"column":51}},"7":{"start":{"line":146,"column":1},"end":{"line":146,"column":38}},"8":{"start":{"line":149,"column":1},"end":{"line":199,"column":2}},"9":{"start":{"line":149,"column":14},"end":{"line":149,"column":15}},"10":{"start":{"line":150,"column":2},"end":{"line":198,"column":3}},"11":{"start":{"line":151,"column":16},"end":{"line":151,"column":58}},"12":{"start":{"line":152,"column":23},"end":{"line":152,"column":76}},"13":{"start":{"line":153,"column":22},"end":{"line":153,"column":74}},"14":{"start":{"line":155,"column":31},"end":{"line":155,"column":85}},"15":{"start":{"line":156,"column":32},"end":{"line":156,"column":67}},"16":{"start":{"line":157,"column":26},"end":{"line":157,"column":28}},"17":{"start":{"line":158,"column":3},"end":{"line":169,"column":4}},"18":{"start":{"line":165,"column":34},"end":{"line":165,"column":83}},"19":{"start":{"line":166,"column":4},"end":{"line":168,"column":5}},"20":{"start":{"line":166,"column":51},"end":{"line":166,"column":64}},"21":{"start":{"line":167,"column":5},"end":{"line":167,"column":94}},"22":{"start":{"line":167,"column":55},"end":{"line":167,"column":63}},"23":{"start":{"line":167,"column":88},"end":{"line":167,"column":92}},"24":{"start":{"line":170,"column":3},"end":{"line":172,"column":4}},"25":{"start":{"line":171,"column":4},"end":{"line":171,"column":47}},"26":{"start":{"line":173,"column":33},"end":{"line":179,"column":5}},"27":{"start":{"line":182,"column":20},"end":{"line":187,"column":5}},"28":{"start":{"line":189,"column":3},"end":{"line":189,"column":39}},"29":{"start":{"line":191,"column":3},"end":{"line":196,"column":4}},"30":{"start":{"line":192,"column":4},"end":{"line":194,"column":7}},"31":{"start":{"line":195,"column":4},"end":{"line":195,"column":13}},"32":{"start":{"line":197,"column":3},"end":{"line":197,"column":15}},"33":{"start":{"line":200,"column":1},"end":{"line":200,"column":19}}},"fnMap":{"0":{"name":"execute","decl":{"start":{"line":134,"column":22},"end":{"line":134,"column":29}},"loc":{"start":{"line":136,"column":28},"end":{"line":201,"column":1}}},"1":{"name":"(anonymous_1)","decl":{"start":{"line":166,"column":35},"end":{"line":166,"column":36}},"loc":{"start":{"line":166,"column":51},"end":{"line":166,"column":64}}},"2":{"name":"(anonymous_2)","decl":{"start":{"line":167,"column":39},"end":{"line":167,"column":40}},"loc":{"start":{"line":167,"column":55},"end":{"line":167,"column":63}}},"3":{"name":"(anonymous_3)","decl":{"start":{"line":167,"column":72},"end":{"line":167,"column":73}},"loc":{"start":{"line":167,"column":88},"end":{"line":167,"column":92}}}},"branchMap":{"0":{"loc":{"start":{"line":143,"column":1},"end":{"line":145,"column":2}},"type":"if","locations":[{"start":{"line":143,"column":1},"end":{"line":145,"column":2}}]},"1":{"loc":{"start":{"line":155,"column":31},"end":{"line":155,"column":85}},"type":"binary-expr","locations":[{"start":{"line":155,"column":31},"end":{"line":155,"column":79}},{"start":{"line":155,"column":83},"end":{"line":155,"column":85}}]},"2":{"loc":{"start":{"line":158,"column":3},"end":{"line":169,"column":4}},"type":"if","locations":[{"start":{"line":158,"column":3},"end":{"line":169,"column":4}}]},"3":{"loc":{"start":{"line":159,"column":4},"end":{"line":163,"column":69}},"type":"binary-expr","locations":[{"start":{"line":159,"column":4},"end":{"line":159,"column":24}},{"start":{"line":160,"column":4},"end":{"line":160,"column":44}},{"start":{"line":161,"column":4},"end":{"line":161,"column":40}},{"start":{"line":162,"column":4},"end":{"line":162,"column":50}},{"start":{"line":163,"column":4},"end":{"line":163,"column":69}}]},"4":{"loc":{"start":{"line":166,"column":4},"end":{"line":168,"column":5}},"type":"if","locations":[{"start":{"line":166,"column":4},"end":{"line":168,"column":5}}]},"5":{"loc":{"start":{"line":170,"column":3},"end":{"line":172,"column":4}},"type":"if","locations":[{"start":{"line":170,"column":3},"end":{"line":172,"column":4}}]},"6":{"loc":{"start":{"line":176,"column":8},"end":{"line":176,"column":42}},"type":"cond-expr","locations":[{"start":{"line":176,"column":22},"end":{"line":176,"column":37}},{"start":{"line":176,"column":40},"end":{"line":176,"column":42}}]},"7":{"loc":{"start":{"line":177,"column":8},"end":{"line":177,"column":40}},"type":"cond-expr","locations":[{"start":{"line":177,"column":21},"end":{"line":177,"column":35}},{"start":{"line":177,"column":38},"end":{"line":177,"column":40}}]},"8":{"loc":{"start":{"line":178,"column":8},"end":{"line":178,"column":60}},"type":"cond-expr","locations":[{"start":{"line":178,"column":28},"end":{"line":178,"column":55}},{"start":{"line":178,"column":58},"end":{"line":178,"column":60}}]},"9":{"loc":{"start":{"line":191,"column":3},"end":{"line":196,"column":4}},"type":"if","locations":[{"start":{"line":191,"column":3},"end":{"line":196,"column":4}}]}},"s":{"0":1,"1":1,"2":2,"3":2,"4":2,"5":2,"6":0,"7":2,"8":2,"9":2,"10":2,"11":2,"12":2,"13":2,"14":2,"15":2,"16":2,"17":2,"18":2,"19":2,"20":4,"21":2,"22":4,"23":4,"24":2,"25":2,"26":2,"27":2,"28":1,"29":1,"30":1,"31":1,"32":0,"33":2},"f":{"0":2,"1":4,"2":4,"3":4},"b":{"0":[0],"1":[2,0],"2":[2],"3":[2,2,2,2,2],"4":[2],"5":[2],"6":[1,1],"7":[1,1],"8":[2,0],"9":[1]}}
,"/Users/martient/Documents/packitoo/ETL/nodes/hipe/Companies/actions/Get.ts": {"path":"/Users/martient/Documents/packitoo/ETL/nodes/hipe/Companies/actions/Get.ts","statementMap":{"0":{"start":{"line":39,"column":0},"end":{"line":39,"column":7}},"1":{"start":{"line":5,"column":13},"end":{"line":36,"column":2}},"2":{"start":{"line":43,"column":43},"end":{"line":43,"column":45}},"3":{"start":{"line":46,"column":22},"end":{"line":46,"column":58}},"4":{"start":{"line":47,"column":16},"end":{"line":47,"column":31}},"5":{"start":{"line":48,"column":2},"end":{"line":50,"column":3}},"6":{"start":{"line":49,"column":4},"end":{"line":49,"column":74}},"7":{"start":{"line":51,"column":2},"end":{"line":51,"column":39}},"8":{"start":{"line":54,"column":2},"end":{"line":75,"column":3}},"9":{"start":{"line":54,"column":15},"end":{"line":54,"column":16}},"10":{"start":{"line":55,"column":4},"end":{"line":74,"column":5}},"11":{"start":{"line":57,"column":17},"end":{"line":57,"column":57}},"12":{"start":{"line":61,"column":23},"end":{"line":65,"column":8}},"13":{"start":{"line":67,"column":6},"end":{"line":67,"column":42}},"14":{"start":{"line":69,"column":6},"end":{"line":72,"column":7}},"15":{"start":{"line":70,"column":8},"end":{"line":70,"column":60}},"16":{"start":{"line":71,"column":8},"end":{"line":71,"column":17}},"17":{"start":{"line":73,"column":6},"end":{"line":73,"column":18}},"18":{"start":{"line":77,"column":2},"end":{"line":77,"column":20}}},"fnMap":{"0":{"name":"execute","decl":{"start":{"line":39,"column":22},"end":{"line":39,"column":29}},"loc":{"start":{"line":41,"column":29},"end":{"line":78,"column":1}}}},"branchMap":{"0":{"loc":{"start":{"line":48,"column":2},"end":{"line":50,"column":3}},"type":"if","locations":[{"start":{"line":48,"column":2},"end":{"line":50,"column":3}}]},"1":{"loc":{"start":{"line":48,"column":6},"end":{"line":48,"column":78}},"type":"binary-expr","locations":[{"start":{"line":48,"column":6},"end":{"line":48,"column":14}},{"start":{"line":48,"column":18},"end":{"line":48,"column":45}},{"start":{"line":48,"column":49},"end":{"line":48,"column":78}}]},"2":{"loc":{"start":{"line":69,"column":6},"end":{"line":72,"column":7}},"type":"if","locations":[{"start":{"line":69,"column":6},"end":{"line":72,"column":7}}]}},"s":{"0":1,"1":1,"2":2,"3":2,"4":2,"5":2,"6":0,"7":2,"8":2,"9":2,"10":2,"11":2,"12":2,"13":1,"14":1,"15":1,"16":1,"17":0,"18":2},"f":{"0":2},"b":{"0":[0],"1":[2,2,2],"2":[1]}}
,"/Users/martient/Documents/packitoo/ETL/nodes/hipe/Companies/actions/List.ts": {"path":"/Users/martient/Documents/packitoo/ETL/nodes/hipe/Companies/actions/List.ts","statementMap":{"0":{"start":{"line":348,"column":0},"end":{"line":348,"column":7}},"1":{"start":{"line":5,"column":13},"end":{"line":345,"column":2}},"2":{"start":{"line":353,"column":42},"end":{"line":353,"column":44}},"3":{"start":{"line":354,"column":21},"end":{"line":354,"column":57}},"4":{"start":{"line":355,"column":15},"end":{"line":355,"column":30}},"5":{"start":{"line":356,"column":1},"end":{"line":358,"column":2}},"6":{"start":{"line":357,"column":2},"end":{"line":357,"column":51}},"7":{"start":{"line":359,"column":1},"end":{"line":359,"column":38}},"8":{"start":{"line":361,"column":1},"end":{"line":401,"column":2}},"9":{"start":{"line":361,"column":14},"end":{"line":361,"column":15}},"10":{"start":{"line":362,"column":2},"end":{"line":400,"column":3}},"11":{"start":{"line":363,"column":21},"end":{"line":363,"column":69}},"12":{"start":{"line":364,"column":17},"end":{"line":364,"column":90}},"13":{"start":{"line":365,"column":19},"end":{"line":365,"column":68}},"14":{"start":{"line":366,"column":16},"end":{"line":366,"column":null}},"15":{"start":{"line":372,"column":19},"end":{"line":372,"column":33}},"16":{"start":{"line":373,"column":3},"end":{"line":373,"column":45}},"17":{"start":{"line":373,"column":28},"end":{"line":373,"column":45}},"18":{"start":{"line":374,"column":3},"end":{"line":377,"column":4}},"19":{"start":{"line":375,"column":4},"end":{"line":375,"column":29}},"20":{"start":{"line":376,"column":4},"end":{"line":376,"column":39}},"21":{"start":{"line":379,"column":20},"end":{"line":384,"column":5}},"22":{"start":{"line":387,"column":3},"end":{"line":393,"column":4}},"23":{"start":{"line":388,"column":4},"end":{"line":388,"column":50}},"24":{"start":{"line":389,"column":10},"end":{"line":393,"column":4}},"25":{"start":{"line":390,"column":4},"end":{"line":390,"column":40}},"26":{"start":{"line":392,"column":4},"end":{"line":392,"column":50}},"27":{"start":{"line":395,"column":3},"end":{"line":398,"column":4}},"28":{"start":{"line":396,"column":4},"end":{"line":396,"column":56}},"29":{"start":{"line":397,"column":4},"end":{"line":397,"column":13}},"30":{"start":{"line":399,"column":3},"end":{"line":399,"column":15}},"31":{"start":{"line":402,"column":1},"end":{"line":402,"column":19}}},"fnMap":{"0":{"name":"execute","decl":{"start":{"line":348,"column":22},"end":{"line":348,"column":29}},"loc":{"start":{"line":350,"column":28},"end":{"line":403,"column":1}}}},"branchMap":{"0":{"loc":{"start":{"line":356,"column":1},"end":{"line":358,"column":2}},"type":"if","locations":[{"start":{"line":356,"column":1},"end":{"line":358,"column":2}}]},"1":{"loc":{"start":{"line":364,"column":17},"end":{"line":364,"column":90}},"type":"cond-expr","locations":[{"start":{"line":364,"column":29},"end":{"line":364,"column":38}},{"start":{"line":364,"column":42},"end":{"line":364,"column":90}}]},"2":{"loc":{"start":{"line":373,"column":3},"end":{"line":373,"column":45}},"type":"if","locations":[{"start":{"line":373,"column":3},"end":{"line":373,"column":45}}]},"3":{"loc":{"start":{"line":373,"column":7},"end":{"line":373,"column":26}},"type":"binary-expr","locations":[{"start":{"line":373,"column":7},"end":{"line":373,"column":17}},{"start":{"line":373,"column":21},"end":{"line":373,"column":26}}]},"4":{"loc":{"start":{"line":374,"column":3},"end":{"line":377,"column":4}},"type":"if","locations":[{"start":{"line":374,"column":3},"end":{"line":377,"column":4}}]},"5":{"loc":{"start":{"line":376,"column":15},"end":{"line":376,"column":38}},"type":"binary-expr","locations":[{"start":{"line":376,"column":15},"end":{"line":376,"column":29}},{"start":{"line":376,"column":33},"end":{"line":376,"column":38}}]},"6":{"loc":{"start":{"line":387,"column":3},"end":{"line":393,"column":4}},"type":"if","locations":[{"start":{"line":387,"column":3},"end":{"line":393,"column":4}},{"start":{"line":389,"column":10},"end":{"line":393,"column":4}}]},"7":{"loc":{"start":{"line":389,"column":10},"end":{"line":393,"column":4}},"type":"if","locations":[{"start":{"line":389,"column":10},"end":{"line":393,"column":4}},{"start":{"line":391,"column":10},"end":{"line":393,"column":4}}]},"8":{"loc":{"start":{"line":395,"column":3},"end":{"line":398,"column":4}},"type":"if","locations":[{"start":{"line":395,"column":3},"end":{"line":398,"column":4}}]}},"s":{"0":1,"1":1,"2":3,"3":3,"4":3,"5":3,"6":0,"7":3,"8":3,"9":3,"10":3,"11":3,"12":3,"13":3,"14":3,"15":3,"16":3,"17":0,"18":3,"19":0,"20":0,"21":3,"22":2,"23":1,"24":1,"25":1,"26":0,"27":1,"28":1,"29":1,"30":0,"31":3},"f":{"0":3},"b":{"0":[0],"1":[3,0],"2":[0],"3":[3,0],"4":[0],"5":[0,0],"6":[1,1],"7":[1,0],"8":[1]}}
,"/Users/martient/Documents/packitoo/ETL/nodes/hipe/Companies/actions/Update.ts": {"path":"/Users/martient/Documents/packitoo/ETL/nodes/hipe/Companies/actions/Update.ts","statementMap":{"0":{"start":{"line":130,"column":0},"end":{"line":130,"column":7}},"1":{"start":{"line":6,"column":13},"end":{"line":127,"column":2}},"2":{"start":{"line":134,"column":42},"end":{"line":134,"column":44}},"3":{"start":{"line":137,"column":21},"end":{"line":137,"column":57}},"4":{"start":{"line":138,"column":15},"end":{"line":138,"column":30}},"5":{"start":{"line":139,"column":1},"end":{"line":141,"column":2}},"6":{"start":{"line":140,"column":2},"end":{"line":140,"column":51}},"7":{"start":{"line":142,"column":1},"end":{"line":142,"column":38}},"8":{"start":{"line":145,"column":1},"end":{"line":189,"column":2}},"9":{"start":{"line":145,"column":14},"end":{"line":145,"column":15}},"10":{"start":{"line":146,"column":2},"end":{"line":188,"column":3}},"11":{"start":{"line":148,"column":21},"end":{"line":148,"column":61}},"12":{"start":{"line":149,"column":24},"end":{"line":149,"column":80}},"13":{"start":{"line":151,"column":32},"end":{"line":151,"column":60}},"14":{"start":{"line":152,"column":26},"end":{"line":152,"column":28}},"15":{"start":{"line":153,"column":3},"end":{"line":164,"column":4}},"16":{"start":{"line":160,"column":34},"end":{"line":160,"column":83}},"17":{"start":{"line":161,"column":4},"end":{"line":163,"column":5}},"18":{"start":{"line":161,"column":51},"end":{"line":161,"column":64}},"19":{"start":{"line":162,"column":5},"end":{"line":162,"column":94}},"20":{"start":{"line":162,"column":55},"end":{"line":162,"column":63}},"21":{"start":{"line":162,"column":88},"end":{"line":162,"column":92}},"22":{"start":{"line":165,"column":3},"end":{"line":167,"column":4}},"23":{"start":{"line":166,"column":4},"end":{"line":166,"column":40}},"24":{"start":{"line":169,"column":33},"end":{"line":172,"column":5}},"25":{"start":{"line":175,"column":20},"end":{"line":180,"column":5}},"26":{"start":{"line":181,"column":3},"end":{"line":181,"column":39}},"27":{"start":{"line":183,"column":3},"end":{"line":186,"column":4}},"28":{"start":{"line":184,"column":4},"end":{"line":184,"column":56}},"29":{"start":{"line":185,"column":4},"end":{"line":185,"column":13}},"30":{"start":{"line":187,"column":3},"end":{"line":187,"column":15}},"31":{"start":{"line":191,"column":1},"end":{"line":191,"column":19}}},"fnMap":{"0":{"name":"execute","decl":{"start":{"line":130,"column":22},"end":{"line":130,"column":29}},"loc":{"start":{"line":132,"column":28},"end":{"line":192,"column":1}}},"1":{"name":"(anonymous_1)","decl":{"start":{"line":161,"column":35},"end":{"line":161,"column":36}},"loc":{"start":{"line":161,"column":51},"end":{"line":161,"column":64}}},"2":{"name":"(anonymous_2)","decl":{"start":{"line":162,"column":39},"end":{"line":162,"column":40}},"loc":{"start":{"line":162,"column":55},"end":{"line":162,"column":63}}},"3":{"name":"(anonymous_3)","decl":{"start":{"line":162,"column":72},"end":{"line":162,"column":73}},"loc":{"start":{"line":162,"column":88},"end":{"line":162,"column":92}}}},"branchMap":{"0":{"loc":{"start":{"line":139,"column":1},"end":{"line":141,"column":2}},"type":"if","locations":[{"start":{"line":139,"column":1},"end":{"line":141,"column":2}}]},"1":{"loc":{"start":{"line":153,"column":3},"end":{"line":164,"column":4}},"type":"if","locations":[{"start":{"line":153,"column":3},"end":{"line":164,"column":4}}]},"2":{"loc":{"start":{"line":154,"column":4},"end":{"line":158,"column":69}},"type":"binary-expr","locations":[{"start":{"line":154,"column":4},"end":{"line":154,"column":24}},{"start":{"line":155,"column":4},"end":{"line":155,"column":44}},{"start":{"line":156,"column":4},"end":{"line":156,"column":40}},{"start":{"line":157,"column":4},"end":{"line":157,"column":50}},{"start":{"line":158,"column":4},"end":{"line":158,"column":69}}]},"3":{"loc":{"start":{"line":161,"column":4},"end":{"line":163,"column":5}},"type":"if","locations":[{"start":{"line":161,"column":4},"end":{"line":163,"column":5}}]},"4":{"loc":{"start":{"line":165,"column":3},"end":{"line":167,"column":4}},"type":"if","locations":[{"start":{"line":165,"column":3},"end":{"line":167,"column":4}}]},"5":{"loc":{"start":{"line":171,"column":8},"end":{"line":171,"column":60}},"type":"cond-expr","locations":[{"start":{"line":171,"column":28},"end":{"line":171,"column":55}},{"start":{"line":171,"column":58},"end":{"line":171,"column":60}}]},"6":{"loc":{"start":{"line":183,"column":3},"end":{"line":186,"column":4}},"type":"if","locations":[{"start":{"line":183,"column":3},"end":{"line":186,"column":4}}]}},"s":{"0":1,"1":1,"2":2,"3":2,"4":2,"5":2,"6":0,"7":2,"8":2,"9":2,"10":2,"11":2,"12":2,"13":2,"14":2,"15":2,"16":0,"17":0,"18":0,"19":0,"20":0,"21":0,"22":2,"23":0,"24":2,"25":2,"26":1,"27":1,"28":1,"29":1,"30":0,"31":2},"f":{"0":2,"1":0,"2":0,"3":0},"b":{"0":[0],"1":[0],"2":[2,0,0,0,0],"3":[0],"4":[0],"5":[0,2],"6":[1]}}
,"/Users/martient/Documents/packitoo/ETL/nodes/hipe/Corrugated/CorrugatedFlutes/actions/Create.ts": {"path":"/Users/martient/Documents/packitoo/ETL/nodes/hipe/Corrugated/CorrugatedFlutes/actions/Create.ts","statementMap":{"0":{"start":{"line":67,"column":0},"end":{"line":67,"column":7}},"1":{"start":{"line":6,"column":13},"end":{"line":64,"column":2}},"2":{"start":{"line":72,"column":42},"end":{"line":72,"column":44}},"3":{"start":{"line":74,"column":22},"end":{"line":74,"column":58}},"4":{"start":{"line":75,"column":16},"end":{"line":75,"column":31}},"5":{"start":{"line":76,"column":2},"end":{"line":78,"column":3}},"6":{"start":{"line":77,"column":4},"end":{"line":77,"column":53}},"7":{"start":{"line":79,"column":2},"end":{"line":79,"column":39}},"8":{"start":{"line":82,"column":1},"end":{"line":116,"column":2}},"9":{"start":{"line":82,"column":14},"end":{"line":82,"column":15}},"10":{"start":{"line":83,"column":2},"end":{"line":115,"column":3}},"11":{"start":{"line":85,"column":16},"end":{"line":85,"column":58}},"12":{"start":{"line":86,"column":28},"end":{"line":86,"column":86}},"13":{"start":{"line":89,"column":41},"end":{"line":92,"column":5}},"14":{"start":{"line":94,"column":23},"end":{"line":99,"column":8}},"15":{"start":{"line":100,"column":6},"end":{"line":100,"column":42}},"16":{"start":{"line":110,"column":3},"end":{"line":113,"column":4}},"17":{"start":{"line":111,"column":4},"end":{"line":111,"column":56}},"18":{"start":{"line":112,"column":4},"end":{"line":112,"column":13}},"19":{"start":{"line":114,"column":3},"end":{"line":114,"column":15}},"20":{"start":{"line":118,"column":1},"end":{"line":118,"column":19}}},"fnMap":{"0":{"name":"execute","decl":{"start":{"line":67,"column":22},"end":{"line":67,"column":29}},"loc":{"start":{"line":69,"column":28},"end":{"line":119,"column":1}}}},"branchMap":{"0":{"loc":{"start":{"line":76,"column":2},"end":{"line":78,"column":3}},"type":"if","locations":[{"start":{"line":76,"column":2},"end":{"line":78,"column":3}}]},"1":{"loc":{"start":{"line":110,"column":3},"end":{"line":113,"column":4}},"type":"if","locations":[{"start":{"line":110,"column":3},"end":{"line":113,"column":4}}]}},"s":{"0":1,"1":1,"2":0,"3":0,"4":0,"5":0,"6":0,"7":0,"8":0,"9":0,"10":0,"11":0,"12":0,"13":0,"14":0,"15":0,"16":0,"17":0,"18":0,"19":0,"20":0},"f":{"0":0},"b":{"0":[0],"1":[0]}}
,"/Users/martient/Documents/packitoo/ETL/nodes/hipe/Corrugated/CorrugatedFlutes/actions/Get.ts": {"path":"/Users/martient/Documents/packitoo/ETL/nodes/hipe/Corrugated/CorrugatedFlutes/actions/Get.ts","statementMap":{"0":{"start":{"line":39,"column":0},"end":{"line":39,"column":7}},"1":{"start":{"line":5,"column":13},"end":{"line":36,"column":2}},"2":{"start":{"line":44,"column":43},"end":{"line":44,"column":45}},"3":{"start":{"line":46,"column":22},"end":{"line":46,"column":58}},"4":{"start":{"line":47,"column":16},"end":{"line":47,"column":31}},"5":{"start":{"line":48,"column":2},"end":{"line":50,"column":3}},"6":{"start":{"line":49,"column":4},"end":{"line":49,"column":53}},"7":{"start":{"line":51,"column":2},"end":{"line":51,"column":39}},"8":{"start":{"line":54,"column":2},"end":{"line":86,"column":3}},"9":{"start":{"line":54,"column":15},"end":{"line":54,"column":16}},"10":{"start":{"line":55,"column":4},"end":{"line":85,"column":5}},"11":{"start":{"line":57,"column":22},"end":{"line":57,"column":67}},"12":{"start":{"line":62,"column":23},"end":{"line":66,"column":8}},"13":{"start":{"line":67,"column":6},"end":{"line":67,"column":42}},"14":{"start":{"line":80,"column":6},"end":{"line":83,"column":7}},"15":{"start":{"line":81,"column":8},"end":{"line":81,"column":60}},"16":{"start":{"line":82,"column":8},"end":{"line":82,"column":17}},"17":{"start":{"line":84,"column":6},"end":{"line":84,"column":18}},"18":{"start":{"line":88,"column":2},"end":{"line":88,"column":20}}},"fnMap":{"0":{"name":"execute","decl":{"start":{"line":39,"column":22},"end":{"line":39,"column":29}},"loc":{"start":{"line":41,"column":29},"end":{"line":89,"column":1}}}},"branchMap":{"0":{"loc":{"start":{"line":48,"column":2},"end":{"line":50,"column":3}},"type":"if","locations":[{"start":{"line":48,"column":2},"end":{"line":50,"column":3}}]},"1":{"loc":{"start":{"line":80,"column":6},"end":{"line":83,"column":7}},"type":"if","locations":[{"start":{"line":80,"column":6},"end":{"line":83,"column":7}}]}},"s":{"0":1,"1":1,"2":0,"3":0,"4":0,"5":0,"6":0,"7":0,"8":0,"9":0,"10":0,"11":0,"12":0,"13":0,"14":0,"15":0,"16":0,"17":0,"18":0},"f":{"0":0},"b":{"0":[0],"1":[0]}}
,"/Users/martient/Documents/packitoo/ETL/nodes/hipe/Corrugated/CorrugatedFlutes/actions/List.ts": {"path":"/Users/martient/Documents/packitoo/ETL/nodes/hipe/Corrugated/CorrugatedFlutes/actions/List.ts","statementMap":{"0":{"start":{"line":111,"column":0},"end":{"line":111,"column":7}},"1":{"start":{"line":6,"column":13},"end":{"line":108,"column":2}},"2":{"start":{"line":116,"column":43},"end":{"line":116,"column":45}},"3":{"start":{"line":119,"column":2},"end":{"line":200,"column":3}},"4":{"start":{"line":119,"column":15},"end":{"line":119,"column":16}},"5":{"start":{"line":120,"column":4},"end":{"line":199,"column":5}},"6":{"start":{"line":122,"column":24},"end":{"line":122,"column":72}},"7":{"start":{"line":123,"column":20},"end":{"line":123,"column":83}},"8":{"start":{"line":124,"column":22},"end":{"line":124,"column":71}},"9":{"start":{"line":125,"column":19},"end":{"line":125,"column":106}},"10":{"start":{"line":128,"column":26},"end":{"line":128,"column":62}},"11":{"start":{"line":129,"column":20},"end":{"line":129,"column":35}},"12":{"start":{"line":130,"column":6},"end":{"line":132,"column":7}},"13":{"start":{"line":131,"column":8},"end":{"line":131,"column":57}},"14":{"start":{"line":133,"column":6},"end":{"line":133,"column":43}},"15":{"start":{"line":136,"column":56},"end":{"line":140,"column":8}},"16":{"start":{"line":143,"column":6},"end":{"line":147,"column":7}},"17":{"start":{"line":144,"column":8},"end":{"line":146,"column":10}},"18":{"start":{"line":149,"column":24},"end":{"line":149,"column":28}},"19":{"start":{"line":151,"column":6},"end":{"line":162,"column":7}},"20":{"start":{"line":152,"column":25},"end":{"line":157,"column":10}},"21":{"start":{"line":159,"column":8},"end":{"line":159,"column":67}},"22":{"start":{"line":160,"column":8},"end":{"line":160,"column":67}},"23":{"start":{"line":161,"column":8},"end":{"line":161,"column":44}},"24":{"start":{"line":194,"column":6},"end":{"line":197,"column":7}},"25":{"start":{"line":195,"column":8},"end":{"line":195,"column":60}},"26":{"start":{"line":196,"column":8},"end":{"line":196,"column":17}},"27":{"start":{"line":198,"column":6},"end":{"line":198,"column":18}},"28":{"start":{"line":202,"column":2},"end":{"line":202,"column":20}}},"fnMap":{"0":{"name":"execute","decl":{"start":{"line":111,"column":22},"end":{"line":111,"column":29}},"loc":{"start":{"line":113,"column":29},"end":{"line":203,"column":1}}}},"branchMap":{"0":{"loc":{"start":{"line":123,"column":20},"end":{"line":123,"column":83}},"type":"cond-expr","locations":[{"start":{"line":123,"column":32},"end":{"line":123,"column":33}},{"start":{"line":123,"column":36},"end":{"line":123,"column":83}}]},"1":{"loc":{"start":{"line":130,"column":6},"end":{"line":132,"column":7}},"type":"if","locations":[{"start":{"line":130,"column":6},"end":{"line":132,"column":7}}]},"2":{"loc":{"start":{"line":138,"column":22},"end":{"line":138,"column":34}},"type":"binary-expr","locations":[{"start":{"line":138,"column":22},"end":{"line":138,"column":27}},{"start":{"line":138,"column":31},"end":{"line":138,"column":34}}]},"3":{"loc":{"start":{"line":143,"column":6},"end":{"line":147,"column":7}},"type":"if","locations":[{"start":{"line":143,"column":6},"end":{"line":147,"column":7}}]},"4":{"loc":{"start":{"line":145,"column":25},"end":{"line":145,"column":48}},"type":"binary-expr","locations":[{"start":{"line":145,"column":25},"end":{"line":145,"column":39}},{"start":{"line":145,"column":43},"end":{"line":145,"column":48}}]},"5":{"loc":{"start":{"line":159,"column":34},"end":{"line":159,"column":61}},"type":"cond-expr","locations":[{"start":{"line":159,"column":56},"end":{"line":159,"column":60}},{"start":{"line":159,"column":60},"end":{"line":159,"column":61}}]},"6":{"loc":{"start":{"line":159,"column":34},"end":{"line":159,"column":60}},"type":"binary-expr","locations":[{"start":{"line":159,"column":34},"end":{"line":159,"column":60}},{"start":{"line":159,"column":56},"end":{"line":159,"column":60}}]},"7":{"loc":{"start":{"line":194,"column":6},"end":{"line":197,"column":7}},"type":"if","locations":[{"start":{"line":194,"column":6},"end":{"line":197,"column":7}}]}},"s":{"0":1,"1":1,"2":0,"3":0,"4":0,"5":0,"6":0,"7":0,"8":0,"9":0,"10":0,"11":0,"12":0,"13":0,"14":0,"15":0,"16":0,"17":0,"18":0,"19":0,"20":0,"21":0,"22":0,"23":0,"24":0,"25":0,"26":0,"27":0,"28":0},"f":{"0":0},"b":{"0":[0,0],"1":[0],"2":[0,0],"3":[0],"4":[0,0],"5":[0,0],"6":[0,0],"7":[0]}}
,"/Users/martient/Documents/packitoo/ETL/nodes/hipe/Corrugated/CorrugatedFlutes/actions/Update.ts": {"path":"/Users/martient/Documents/packitoo/ETL/nodes/hipe/Corrugated/CorrugatedFlutes/actions/Update.ts","statementMap":{"0":{"start":{"line":67,"column":0},"end":{"line":67,"column":7}},"1":{"start":{"line":6,"column":13},"end":{"line":64,"column":2}},"2":{"start":{"line":72,"column":43},"end":{"line":72,"column":45}},"3":{"start":{"line":75,"column":22},"end":{"line":75,"column":58}},"4":{"start":{"line":76,"column":16},"end":{"line":76,"column":31}},"5":{"start":{"line":77,"column":2},"end":{"line":79,"column":3}},"6":{"start":{"line":78,"column":4},"end":{"line":78,"column":53}},"7":{"start":{"line":80,"column":2},"end":{"line":80,"column":39}},"8":{"start":{"line":83,"column":2},"end":{"line":114,"column":3}},"9":{"start":{"line":83,"column":15},"end":{"line":83,"column":16}},"10":{"start":{"line":84,"column":4},"end":{"line":113,"column":5}},"11":{"start":{"line":86,"column":22},"end":{"line":86,"column":67}},"12":{"start":{"line":87,"column":27},"end":{"line":87,"column":91}},"13":{"start":{"line":90,"column":23},"end":{"line":95,"column":8}},"14":{"start":{"line":97,"column":6},"end":{"line":97,"column":42}},"15":{"start":{"line":108,"column":6},"end":{"line":111,"column":7}},"16":{"start":{"line":109,"column":8},"end":{"line":109,"column":60}},"17":{"start":{"line":110,"column":8},"end":{"line":110,"column":17}},"18":{"start":{"line":112,"column":6},"end":{"line":112,"column":18}},"19":{"start":{"line":116,"column":2},"end":{"line":116,"column":20}}},"fnMap":{"0":{"name":"execute","decl":{"start":{"line":67,"column":22},"end":{"line":67,"column":29}},"loc":{"start":{"line":69,"column":29},"end":{"line":117,"column":1}}}},"branchMap":{"0":{"loc":{"start":{"line":77,"column":2},"end":{"line":79,"column":3}},"type":"if","locations":[{"start":{"line":77,"column":2},"end":{"line":79,"column":3}}]},"1":{"loc":{"start":{"line":108,"column":6},"end":{"line":111,"column":7}},"type":"if","locations":[{"start":{"line":108,"column":6},"end":{"line":111,"column":7}}]}},"s":{"0":1,"1":1,"2":0,"3":0,"4":0,"5":0,"6":0,"7":0,"8":0,"9":0,"10":0,"11":0,"12":0,"13":0,"14":0,"15":0,"16":0,"17":0,"18":0,"19":0},"f":{"0":0},"b":{"0":[0],"1":[0]}}
,"/Users/martient/Documents/packitoo/ETL/nodes/hipe/Corrugated/CorrugatedFormats/actions/Create.ts": {"path":"/Users/martient/Documents/packitoo/ETL/nodes/hipe/Corrugated/CorrugatedFormats/actions/Create.ts","statementMap":{"0":{"start":{"line":54,"column":0},"end":{"line":54,"column":7}},"1":{"start":{"line":6,"column":13},"end":{"line":51,"column":2}},"2":{"start":{"line":58,"column":43},"end":{"line":58,"column":45}},"3":{"start":{"line":61,"column":22},"end":{"line":61,"column":58}},"4":{"start":{"line":62,"column":16},"end":{"line":62,"column":31}},"5":{"start":{"line":63,"column":2},"end":{"line":65,"column":3}},"6":{"start":{"line":64,"column":4},"end":{"line":64,"column":53}},"7":{"start":{"line":66,"column":2},"end":{"line":66,"column":39}},"8":{"start":{"line":68,"column":2},"end":{"line":100,"column":3}},"9":{"start":{"line":68,"column":15},"end":{"line":68,"column":16}},"10":{"start":{"line":69,"column":4},"end":{"line":99,"column":5}},"11":{"start":{"line":71,"column":20},"end":{"line":71,"column":63}},"12":{"start":{"line":72,"column":21},"end":{"line":72,"column":65}},"13":{"start":{"line":73,"column":31},"end":{"line":73,"column":89}},"14":{"start":{"line":76,"column":45},"end":{"line":80,"column":8}},"15":{"start":{"line":83,"column":23},"end":{"line":89,"column":null}},"16":{"start":{"line":92,"column":6},"end":{"line":92,"column":42}},"17":{"start":{"line":94,"column":6},"end":{"line":97,"column":7}},"18":{"start":{"line":95,"column":8},"end":{"line":95,"column":60}},"19":{"start":{"line":96,"column":8},"end":{"line":96,"column":17}},"20":{"start":{"line":98,"column":6},"end":{"line":98,"column":18}},"21":{"start":{"line":102,"column":2},"end":{"line":102,"column":20}}},"fnMap":{"0":{"name":"execute","decl":{"start":{"line":54,"column":22},"end":{"line":54,"column":29}},"loc":{"start":{"line":56,"column":29},"end":{"line":103,"column":1}}}},"branchMap":{"0":{"loc":{"start":{"line":63,"column":2},"end":{"line":65,"column":3}},"type":"if","locations":[{"start":{"line":63,"column":2},"end":{"line":65,"column":3}}]},"1":{"loc":{"start":{"line":94,"column":6},"end":{"line":97,"column":7}},"type":"if","locations":[{"start":{"line":94,"column":6},"end":{"line":97,"column":7}}]}},"s":{"0":1,"1":1,"2":0,"3":0,"4":0,"5":0,"6":0,"7":0,"8":0,"9":0,"10":0,"11":0,"12":0,"13":0,"14":0,"15":0,"16":0,"17":0,"18":0,"19":0,"20":0,"21":0},"f":{"0":0},"b":{"0":[0],"1":[0]}}
,"/Users/martient/Documents/packitoo/ETL/nodes/hipe/Corrugated/CorrugatedFormats/actions/Get.ts": {"path":"/Users/martient/Documents/packitoo/ETL/nodes/hipe/Corrugated/CorrugatedFormats/actions/Get.ts","statementMap":{"0":{"start":{"line":39,"column":0},"end":{"line":39,"column":7}},"1":{"start":{"line":5,"column":13},"end":{"line":36,"column":2}},"2":{"start":{"line":43,"column":43},"end":{"line":43,"column":45}},"3":{"start":{"line":46,"column":22},"end":{"line":46,"column":58}},"4":{"start":{"line":47,"column":16},"end":{"line":47,"column":31}},"5":{"start":{"line":48,"column":2},"end":{"line":50,"column":3}},"6":{"start":{"line":49,"column":4},"end":{"line":49,"column":53}},"7":{"start":{"line":51,"column":2},"end":{"line":51,"column":39}},"8":{"start":{"line":53,"column":2},"end":{"line":74,"column":3}},"9":{"start":{"line":53,"column":15},"end":{"line":53,"column":16}},"10":{"start":{"line":54,"column":4},"end":{"line":73,"column":5}},"11":{"start":{"line":56,"column":23},"end":{"line":56,"column":69}},"12":{"start":{"line":60,"column":23},"end":{"line":64,"column":8}},"13":{"start":{"line":66,"column":6},"end":{"line":66,"column":42}},"14":{"start":{"line":68,"column":6},"end":{"line":71,"column":7}},"15":{"start":{"line":69,"column":8},"end":{"line":69,"column":60}},"16":{"start":{"line":70,"column":8},"end":{"line":70,"column":17}},"17":{"start":{"line":72,"column":6},"end":{"line":72,"column":18}},"18":{"start":{"line":76,"column":2},"end":{"line":76,"column":20}}},"fnMap":{"0":{"name":"execute","decl":{"start":{"line":39,"column":22},"end":{"line":39,"column":29}},"loc":{"start":{"line":41,"column":29},"end":{"line":77,"column":1}}}},"branchMap":{"0":{"loc":{"start":{"line":48,"column":2},"end":{"line":50,"column":3}},"type":"if","locations":[{"start":{"line":48,"column":2},"end":{"line":50,"column":3}}]},"1":{"loc":{"start":{"line":68,"column":6},"end":{"line":71,"column":7}},"type":"if","locations":[{"start":{"line":68,"column":6},"end":{"line":71,"column":7}}]}},"s":{"0":1,"1":1,"2":0,"3":0,"4":0,"5":0,"6":0,"7":0,"8":0,"9":0,"10":0,"11":0,"12":0,"13":0,"14":0,"15":0,"16":0,"17":0,"18":0},"f":{"0":0},"b":{"0":[0],"1":[0]}}
,"/Users/martient/Documents/packitoo/ETL/nodes/hipe/Corrugated/CorrugatedFormats/actions/List.ts": {"path":"/Users/martient/Documents/packitoo/ETL/nodes/hipe/Corrugated/CorrugatedFormats/actions/List.ts","statementMap":{"0":{"start":{"line":117,"column":0},"end":{"line":117,"column":7}},"1":{"start":{"line":5,"column":13},"end":{"line":114,"column":2}},"2":{"start":{"line":121,"column":43},"end":{"line":121,"column":45}},"3":{"start":{"line":124,"column":22},"end":{"line":124,"column":58}},"4":{"start":{"line":125,"column":16},"end":{"line":125,"column":31}},"5":{"start":{"line":126,"column":2},"end":{"line":128,"column":3}},"6":{"start":{"line":127,"column":4},"end":{"line":127,"column":53}},"7":{"start":{"line":130,"column":2},"end":{"line":168,"column":3}},"8":{"start":{"line":130,"column":15},"end":{"line":130,"column":16}},"9":{"start":{"line":131,"column":4},"end":{"line":167,"column":5}},"10":{"start":{"line":133,"column":24},"end":{"line":133,"column":72}},"11":{"start":{"line":134,"column":20},"end":{"line":134,"column":91}},"12":{"start":{"line":135,"column":22},"end":{"line":135,"column":84}},"13":{"start":{"line":136,"column":19},"end":{"line":136,"column":106}},"14":{"start":{"line":139,"column":38},"end":{"line":139,"column":40}},"15":{"start":{"line":140,"column":6},"end":{"line":140,"column":55}},"16":{"start":{"line":140,"column":31},"end":{"line":140,"column":55}},"17":{"start":{"line":141,"column":6},"end":{"line":147,"column":7}},"18":{"start":{"line":142,"column":8},"end":{"line":146,"column":9}},"19":{"start":{"line":143,"column":10},"end":{"line":145,"column":11}},"20":{"start":{"line":144,"column":12},"end":{"line":144,"column":42}},"21":{"start":{"line":148,"column":6},"end":{"line":150,"column":7}},"22":{"start":{"line":149,"column":8},"end":{"line":149,"column":62}},"23":{"start":{"line":153,"column":23},"end":{"line":158,"column":8}},"24":{"start":{"line":160,"column":6},"end":{"line":160,"column":42}},"25":{"start":{"line":162,"column":6},"end":{"line":165,"column":7}},"26":{"start":{"line":163,"column":8},"end":{"line":163,"column":60}},"27":{"start":{"line":164,"column":8},"end":{"line":164,"column":17}},"28":{"start":{"line":166,"column":6},"end":{"line":166,"column":18}},"29":{"start":{"line":170,"column":2},"end":{"line":170,"column":20}}},"fnMap":{"0":{"name":"execute","decl":{"start":{"line":117,"column":22},"end":{"line":117,"column":29}},"loc":{"start":{"line":119,"column":29},"end":{"line":171,"column":1}}}},"branchMap":{"0":{"loc":{"start":{"line":126,"column":2},"end":{"line":128,"column":3}},"type":"if","locations":[{"start":{"line":126,"column":2},"end":{"line":128,"column":3}}]},"1":{"loc":{"start":{"line":134,"column":20},"end":{"line":134,"column":91}},"type":"cond-expr","locations":[{"start":{"line":134,"column":32},"end":{"line":134,"column":41}},{"start":{"line":134,"column":44},"end":{"line":134,"column":91}}]},"2":{"loc":{"start":{"line":140,"column":6},"end":{"line":140,"column":55}},"type":"if","locations":[{"start":{"line":140,"column":6},"end":{"line":140,"column":55}}]},"3":{"loc":{"start":{"line":141,"column":6},"end":{"line":147,"column":7}},"type":"if","locations":[{"start":{"line":141,"column":6},"end":{"line":147,"column":7}}]},"4":{"loc":{"start":{"line":143,"column":10},"end":{"line":145,"column":11}},"type":"if","locations":[{"start":{"line":143,"column":10},"end":{"line":145,"column":11}}]},"5":{"loc":{"start":{"line":143,"column":14},"end":{"line":143,"column":49}},"type":"binary-expr","locations":[{"start":{"line":143,"column":14},"end":{"line":143,"column":33}},{"start":{"line":143,"column":37},"end":{"line":143,"column":49}}]},"6":{"loc":{"start":{"line":148,"column":6},"end":{"line":150,"column":7}},"type":"if","locations":[{"start":{"line":148,"column":6},"end":{"line":150,"column":7}}]},"7":{"loc":{"start":{"line":148,"column":10},"end":{"line":148,"column":29}},"type":"binary-expr","locations":[{"start":{"line":148,"column":10},"end":{"line":148,"column":14}},{"start":{"line":148,"column":18},"end":{"line":148,"column":29}}]},"8":{"loc":{"start":{"line":149,"column":38},"end":{"line":149,"column":61}},"type":"binary-expr","locations":[{"start":{"line":149,"column":38},"end":{"line":149,"column":52}},{"start":{"line":149,"column":56},"end":{"line":149,"column":61}}]},"9":{"loc":{"start":{"line":162,"column":6},"end":{"line":165,"column":7}},"type":"if","locations":[{"start":{"line":162,"column":6},"end":{"line":165,"column":7}}]}},"s":{"0":1,"1":1,"2":0,"3":0,"4":0,"5":0,"6":0,"7":0,"8":0,"9":0,"10":0,"11":0,"12":0,"13":0,"14":0,"15":0,"16":0,"17":0,"18":0,"19":0,"20":0,"21":0,"22":0,"23":0,"24":0,"25":0,"26":0,"27":0,"28":0,"29":0},"f":{"0":0},"b":{"0":[0],"1":[0,0],"2":[0],"3":[0],"4":[0],"5":[0,0],"6":[0],"7":[0,0],"8":[0,0],"9":[0]}}
,"/Users/martient/Documents/packitoo/ETL/nodes/hipe/Corrugated/CorrugatedFormats/actions/Update.ts": {"path":"/Users/martient/Documents/packitoo/ETL/nodes/hipe/Corrugated/CorrugatedFormats/actions/Update.ts","statementMap":{"0":{"start":{"line":54,"column":0},"end":{"line":54,"column":7}},"1":{"start":{"line":6,"column":13},"end":{"line":51,"column":2}},"2":{"start":{"line":58,"column":43},"end":{"line":58,"column":45}},"3":{"start":{"line":61,"column":22},"end":{"line":61,"column":58}},"4":{"start":{"line":62,"column":16},"end":{"line":62,"column":31}},"5":{"start":{"line":63,"column":2},"end":{"line":65,"column":3}},"6":{"start":{"line":64,"column":4},"end":{"line":64,"column":53}},"7":{"start":{"line":66,"column":2},"end":{"line":66,"column":39}},"8":{"start":{"line":68,"column":2},"end":{"line":90,"column":3}},"9":{"start":{"line":68,"column":15},"end":{"line":68,"column":16}},"10":{"start":{"line":69,"column":4},"end":{"line":89,"column":5}},"11":{"start":{"line":71,"column":23},"end":{"line":71,"column":69}},"12":{"start":{"line":72,"column":27},"end":{"line":72,"column":92}},"13":{"start":{"line":75,"column":23},"end":{"line":80,"column":8}},"14":{"start":{"line":82,"column":6},"end":{"line":82,"column":42}},"15":{"start":{"line":84,"column":6},"end":{"line":87,"column":7}},"16":{"start":{"line":85,"column":8},"end":{"line":85,"column":60}},"17":{"start":{"line":86,"column":8},"end":{"line":86,"column":17}},"18":{"start":{"line":88,"column":6},"end":{"line":88,"column":18}},"19":{"start":{"line":92,"column":2},"end":{"line":92,"column":20}}},"fnMap":{"0":{"name":"execute","decl":{"start":{"line":54,"column":22},"end":{"line":54,"column":29}},"loc":{"start":{"line":56,"column":29},"end":{"line":93,"column":1}}}},"branchMap":{"0":{"loc":{"start":{"line":63,"column":2},"end":{"line":65,"column":3}},"type":"if","locations":[{"start":{"line":63,"column":2},"end":{"line":65,"column":3}}]},"1":{"loc":{"start":{"line":84,"column":6},"end":{"line":87,"column":7}},"type":"if","locations":[{"start":{"line":84,"column":6},"end":{"line":87,"column":7}}]}},"s":{"0":1,"1":1,"2":0,"3":0,"4":0,"5":0,"6":0,"7":0,"8":0,"9":0,"10":0,"11":0,"12":0,"13":0,"14":0,"15":0,"16":0,"17":0,"18":0,"19":0},"f":{"0":0},"b":{"0":[0],"1":[0]}}
,"/Users/martient/Documents/packitoo/ETL/nodes/hipe/Corrugated/CorrugatedLiners/actions/Create.ts": {"path":"/Users/martient/Documents/packitoo/ETL/nodes/hipe/Corrugated/CorrugatedLiners/actions/Create.ts","statementMap":{"0":{"start":{"line":113,"column":0},"end":{"line":113,"column":7}},"1":{"start":{"line":6,"column":13},"end":{"line":110,"column":2}},"2":{"start":{"line":117,"column":43},"end":{"line":117,"column":45}},"3":{"start":{"line":120,"column":22},"end":{"line":120,"column":58}},"4":{"start":{"line":121,"column":16},"end":{"line":121,"column":31}},"5":{"start":{"line":122,"column":2},"end":{"line":124,"column":3}},"6":{"start":{"line":123,"column":4},"end":{"line":123,"column":53}},"7":{"start":{"line":125,"column":2},"end":{"line":125,"column":39}},"8":{"start":{"line":128,"column":2},"end":{"line":157,"column":3}},"9":{"start":{"line":128,"column":15},"end":{"line":128,"column":16}},"10":{"start":{"line":129,"column":4},"end":{"line":156,"column":5}},"11":{"start":{"line":131,"column":19},"end":{"line":131,"column":61}},"12":{"start":{"line":132,"column":21},"end":{"line":132,"column":65}},"13":{"start":{"line":133,"column":31},"end":{"line":133,"column":89}},"14":{"start":{"line":136,"column":44},"end":{"line":140,"column":8}},"15":{"start":{"line":143,"column":23},"end":{"line":148,"column":8}},"16":{"start":{"line":149,"column":6},"end":{"line":149,"column":42}},"17":{"start":{"line":151,"column":6},"end":{"line":154,"column":7}},"18":{"start":{"line":152,"column":8},"end":{"line":152,"column":60}},"19":{"start":{"line":153,"column":8},"end":{"line":153,"column":17}},"20":{"start":{"line":155,"column":6},"end":{"line":155,"column":18}},"21":{"start":{"line":158,"column":2},"end":{"line":158,"column":20}}},"fnMap":{"0":{"name":"execute","decl":{"start":{"line":113,"column":22},"end":{"line":113,"column":29}},"loc":{"start":{"line":115,"column":29},"end":{"line":159,"column":1}}}},"branchMap":{"0":{"loc":{"start":{"line":122,"column":2},"end":{"line":124,"column":3}},"type":"if","locations":[{"start":{"line":122,"column":2},"end":{"line":124,"column":3}}]},"1":{"loc":{"start":{"line":151,"column":6},"end":{"line":154,"column":7}},"type":"if","locations":[{"start":{"line":151,"column":6},"end":{"line":154,"column":7}}]}},"s":{"0":1,"1":1,"2":0,"3":0,"4":0,"5":0,"6":0,"7":0,"8":0,"9":0,"10":0,"11":0,"12":0,"13":0,"14":0,"15":0,"16":0,"17":0,"18":0,"19":0,"20":0,"21":0},"f":{"0":0},"b":{"0":[0],"1":[0]}}
,"/Users/martient/Documents/packitoo/ETL/nodes/hipe/Corrugated/CorrugatedLiners/actions/Get.ts": {"path":"/Users/martient/Documents/packitoo/ETL/nodes/hipe/Corrugated/CorrugatedLiners/actions/Get.ts","statementMap":{"0":{"start":{"line":39,"column":0},"end":{"line":39,"column":7}},"1":{"start":{"line":5,"column":13},"end":{"line":36,"column":2}},"2":{"start":{"line":43,"column":43},"end":{"line":43,"column":45}},"3":{"start":{"line":46,"column":22},"end":{"line":46,"column":58}},"4":{"start":{"line":47,"column":16},"end":{"line":47,"column":31}},"5":{"start":{"line":48,"column":2},"end":{"line":50,"column":3}},"6":{"start":{"line":49,"column":4},"end":{"line":49,"column":53}},"7":{"start":{"line":51,"column":2},"end":{"line":51,"column":39}},"8":{"start":{"line":54,"column":2},"end":{"line":74,"column":3}},"9":{"start":{"line":54,"column":15},"end":{"line":54,"column":16}},"10":{"start":{"line":55,"column":4},"end":{"line":73,"column":5}},"11":{"start":{"line":57,"column":22},"end":{"line":57,"column":67}},"12":{"start":{"line":61,"column":23},"end":{"line":65,"column":8}},"13":{"start":{"line":66,"column":6},"end":{"line":66,"column":42}},"14":{"start":{"line":68,"column":6},"end":{"line":71,"column":7}},"15":{"start":{"line":69,"column":8},"end":{"line":69,"column":60}},"16":{"start":{"line":70,"column":8},"end":{"line":70,"column":17}},"17":{"start":{"line":72,"column":6},"end":{"line":72,"column":18}},"18":{"start":{"line":75,"column":2},"end":{"line":75,"column":20}}},"fnMap":{"0":{"name":"execute","decl":{"start":{"line":39,"column":22},"end":{"line":39,"column":29}},"loc":{"start":{"line":41,"column":29},"end":{"line":76,"column":1}}}},"branchMap":{"0":{"loc":{"start":{"line":48,"column":2},"end":{"line":50,"column":3}},"type":"if","locations":[{"start":{"line":48,"column":2},"end":{"line":50,"column":3}}]},"1":{"loc":{"start":{"line":68,"column":6},"end":{"line":71,"column":7}},"type":"if","locations":[{"start":{"line":68,"column":6},"end":{"line":71,"column":7}}]}},"s":{"0":1,"1":1,"2":0,"3":0,"4":0,"5":0,"6":0,"7":0,"8":0,"9":0,"10":0,"11":0,"12":0,"13":0,"14":0,"15":0,"16":0,"17":0,"18":0},"f":{"0":0},"b":{"0":[0],"1":[0]}}
,"/Users/martient/Documents/packitoo/ETL/nodes/hipe/Corrugated/CorrugatedLiners/actions/List.ts": {"path":"/Users/martient/Documents/packitoo/ETL/nodes/hipe/Corrugated/CorrugatedLiners/actions/List.ts","statementMap":{"0":{"start":{"line":140,"column":0},"end":{"line":140,"column":7}},"1":{"start":{"line":6,"column":13},"end":{"line":137,"column":2}},"2":{"start":{"line":144,"column":43},"end":{"line":144,"column":45}},"3":{"start":{"line":147,"column":22},"end":{"line":147,"column":58}},"4":{"start":{"line":148,"column":16},"end":{"line":148,"column":31}},"5":{"start":{"line":149,"column":2},"end":{"line":151,"column":3}},"6":{"start":{"line":150,"column":4},"end":{"line":150,"column":53}},"7":{"start":{"line":152,"column":2},"end":{"line":152,"column":39}},"8":{"start":{"line":155,"column":2},"end":{"line":192,"column":3}},"9":{"start":{"line":155,"column":15},"end":{"line":155,"column":16}},"10":{"start":{"line":156,"column":4},"end":{"line":191,"column":5}},"11":{"start":{"line":158,"column":24},"end":{"line":158,"column":72}},"12":{"start":{"line":159,"column":20},"end":{"line":159,"column":91}},"13":{"start":{"line":160,"column":22},"end":{"line":160,"column":84}},"14":{"start":{"line":161,"column":19},"end":{"line":161,"column":106}},"15":{"start":{"line":164,"column":56},"end":{"line":168,"column":8}},"16":{"start":{"line":171,"column":6},"end":{"line":175,"column":7}},"17":{"start":{"line":172,"column":8},"end":{"line":174,"column":10}},"18":{"start":{"line":178,"column":23},"end":{"line":183,"column":8}},"19":{"start":{"line":184,"column":6},"end":{"line":184,"column":42}},"20":{"start":{"line":186,"column":6},"end":{"line":189,"column":7}},"21":{"start":{"line":187,"column":8},"end":{"line":187,"column":60}},"22":{"start":{"line":188,"column":8},"end":{"line":188,"column":17}},"23":{"start":{"line":190,"column":6},"end":{"line":190,"column":18}},"24":{"start":{"line":193,"column":2},"end":{"line":193,"column":20}}},"fnMap":{"0":{"name":"execute","decl":{"start":{"line":140,"column":22},"end":{"line":140,"column":29}},"loc":{"start":{"line":142,"column":29},"end":{"line":194,"column":1}}}},"branchMap":{"0":{"loc":{"start":{"line":149,"column":2},"end":{"line":151,"column":3}},"type":"if","locations":[{"start":{"line":149,"column":2},"end":{"line":151,"column":3}}]},"1":{"loc":{"start":{"line":159,"column":20},"end":{"line":159,"column":91}},"type":"cond-expr","locations":[{"start":{"line":159,"column":32},"end":{"line":159,"column":41}},{"start":{"line":159,"column":44},"end":{"line":159,"column":91}}]},"2":{"loc":{"start":{"line":166,"column":22},"end":{"line":166,"column":34}},"type":"binary-expr","locations":[{"start":{"line":166,"column":22},"end":{"line":166,"column":27}},{"start":{"line":166,"column":31},"end":{"line":166,"column":34}}]},"3":{"loc":{"start":{"line":171,"column":6},"end":{"line":175,"column":7}},"type":"if","locations":[{"start":{"line":171,"column":6},"end":{"line":175,"column":7}}]},"4":{"loc":{"start":{"line":173,"column":25},"end":{"line":173,"column":48}},"type":"binary-expr","locations":[{"start":{"line":173,"column":25},"end":{"line":173,"column":39}},{"start":{"line":173,"column":43},"end":{"line":173,"column":48}}]},"5":{"loc":{"start":{"line":186,"column":6},"end":{"line":189,"column":7}},"type":"if","locations":[{"start":{"line":186,"column":6},"end":{"line":189,"column":7}}]}},"s":{"0":1,"1":1,"2":0,"3":0,"4":0,"5":0,"6":0,"7":0,"8":0,"9":0,"10":0,"11":0,"12":0,"13":0,"14":0,"15":0,"16":0,"17":0,"18":0,"19":0,"20":0,"21":0,"22":0,"23":0,"24":0},"f":{"0":0},"b":{"0":[0],"1":[0,0],"2":[0,0],"3":[0],"4":[0,0],"5":[0]}}
,"/Users/martient/Documents/packitoo/ETL/nodes/hipe/Corrugated/CorrugatedLiners/actions/Update.ts": {"path":"/Users/martient/Documents/packitoo/ETL/nodes/hipe/Corrugated/CorrugatedLiners/actions/Update.ts","statementMap":{"0":{"start":{"line":125,"column":0},"end":{"line":125,"column":7}},"1":{"start":{"line":6,"column":13},"end":{"line":122,"column":2}},"2":{"start":{"line":129,"column":42},"end":{"line":129,"column":44}},"3":{"start":{"line":132,"column":21},"end":{"line":132,"column":57}},"4":{"start":{"line":133,"column":15},"end":{"line":133,"column":30}},"5":{"start":{"line":134,"column":1},"end":{"line":136,"column":2}},"6":{"start":{"line":135,"column":2},"end":{"line":135,"column":51}},"7":{"start":{"line":137,"column":1},"end":{"line":137,"column":38}},"8":{"start":{"line":140,"column":1},"end":{"line":161,"column":2}},"9":{"start":{"line":140,"column":14},"end":{"line":140,"column":15}},"10":{"start":{"line":141,"column":2},"end":{"line":160,"column":3}},"11":{"start":{"line":143,"column":19},"end":{"line":143,"column":64}},"12":{"start":{"line":144,"column":24},"end":{"line":144,"column":88}},"13":{"start":{"line":147,"column":20},"end":{"line":152,"column":5}},"14":{"start":{"line":153,"column":3},"end":{"line":153,"column":39}},"15":{"start":{"line":155,"column":3},"end":{"line":158,"column":4}},"16":{"start":{"line":156,"column":4},"end":{"line":156,"column":56}},"17":{"start":{"line":157,"column":4},"end":{"line":157,"column":13}},"18":{"start":{"line":159,"column":3},"end":{"line":159,"column":15}},"19":{"start":{"line":162,"column":1},"end":{"line":162,"column":19}}},"fnMap":{"0":{"name":"execute","decl":{"start":{"line":125,"column":22},"end":{"line":125,"column":29}},"loc":{"start":{"line":127,"column":28},"end":{"line":163,"column":1}}}},"branchMap":{"0":{"loc":{"start":{"line":134,"column":1},"end":{"line":136,"column":2}},"type":"if","locations":[{"start":{"line":134,"column":1},"end":{"line":136,"column":2}}]},"1":{"loc":{"start":{"line":155,"column":3},"end":{"line":158,"column":4}},"type":"if","locations":[{"start":{"line":155,"column":3},"end":{"line":158,"column":4}}]}},"s":{"0":1,"1":1,"2":0,"3":0,"4":0,"5":0,"6":0,"7":0,"8":0,"9":0,"10":0,"11":0,"12":0,"13":0,"14":0,"15":0,"16":0,"17":0,"18":0,"19":0},"f":{"0":0},"b":{"0":[0],"1":[0]}}
,"/Users/martient/Documents/packitoo/ETL/nodes/hipe/Corrugated/CorrugatedMaterialCompositionPrices/actions/Create.ts": {"path":"/Users/martient/Documents/packitoo/ETL/nodes/hipe/Corrugated/CorrugatedMaterialCompositionPrices/actions/Create.ts","statementMap":{"0":{"start":{"line":94,"column":0},"end":{"line":94,"column":7}},"1":{"start":{"line":6,"column":13},"end":{"line":91,"column":2}},"2":{"start":{"line":99,"column":43},"end":{"line":99,"column":45}},"3":{"start":{"line":102,"column":2},"end":{"line":133,"column":3}},"4":{"start":{"line":102,"column":15},"end":{"line":102,"column":16}},"5":{"start":{"line":103,"column":4},"end":{"line":132,"column":5}},"6":{"start":{"line":105,"column":44},"end":{"line":105,"column":111}},"7":{"start":{"line":106,"column":20},"end":{"line":106,"column":63}},"8":{"start":{"line":107,"column":23},"end":{"line":107,"column":69}},"9":{"start":{"line":108,"column":31},"end":{"line":108,"column":89}},"10":{"start":{"line":111,"column":63},"end":{"line":116,"column":8}},"11":{"start":{"line":120,"column":6},"end":{"line":125,"column":9}},"12":{"start":{"line":127,"column":6},"end":{"line":130,"column":7}},"13":{"start":{"line":128,"column":8},"end":{"line":128,"column":60}},"14":{"start":{"line":129,"column":8},"end":{"line":129,"column":17}},"15":{"start":{"line":131,"column":6},"end":{"line":131,"column":18}},"16":{"start":{"line":135,"column":2},"end":{"line":135,"column":20}}},"fnMap":{"0":{"name":"execute","decl":{"start":{"line":94,"column":22},"end":{"line":94,"column":29}},"loc":{"start":{"line":96,"column":29},"end":{"line":136,"column":1}}}},"branchMap":{"0":{"loc":{"start":{"line":127,"column":6},"end":{"line":130,"column":7}},"type":"if","locations":[{"start":{"line":127,"column":6},"end":{"line":130,"column":7}}]}},"s":{"0":1,"1":1,"2":0,"3":0,"4":0,"5":0,"6":0,"7":0,"8":0,"9":0,"10":0,"11":0,"12":0,"13":0,"14":0,"15":0,"16":0},"f":{"0":0},"b":{"0":[0]}}
,"/Users/martient/Documents/packitoo/ETL/nodes/hipe/Corrugated/CorrugatedMaterialCompositionPrices/actions/CreateBulk.ts": {"path":"/Users/martient/Documents/packitoo/ETL/nodes/hipe/Corrugated/CorrugatedMaterialCompositionPrices/actions/CreateBulk.ts","statementMap":{"0":{"start":{"line":45,"column":0},"end":{"line":45,"column":7}},"1":{"start":{"line":5,"column":13},"end":{"line":42,"column":2}},"2":{"start":{"line":50,"column":43},"end":{"line":50,"column":45}},"3":{"start":{"line":53,"column":2},"end":{"line":84,"column":3}},"4":{"start":{"line":53,"column":15},"end":{"line":53,"column":16}},"5":{"start":{"line":54,"column":4},"end":{"line":83,"column":5}},"6":{"start":{"line":56,"column":29},"end":{"line":56,"column":81}},"7":{"start":{"line":60,"column":24},"end":{"line":60,"column":53}},"8":{"start":{"line":62,"column":6},"end":{"line":64,"column":7}},"9":{"start":{"line":63,"column":8},"end":{"line":63,"column":108}},"10":{"start":{"line":68,"column":6},"end":{"line":76,"column":9}},"11":{"start":{"line":71,"column":59},"end":{"line":74,"column":12}},"12":{"start":{"line":78,"column":6},"end":{"line":81,"column":7}},"13":{"start":{"line":79,"column":8},"end":{"line":79,"column":60}},"14":{"start":{"line":80,"column":8},"end":{"line":80,"column":17}},"15":{"start":{"line":82,"column":6},"end":{"line":82,"column":18}},"16":{"start":{"line":86,"column":2},"end":{"line":86,"column":20}}},"fnMap":{"0":{"name":"execute","decl":{"start":{"line":45,"column":22},"end":{"line":45,"column":29}},"loc":{"start":{"line":47,"column":29},"end":{"line":87,"column":1}}},"1":{"name":"(anonymous_1)","decl":{"start":{"line":71,"column":41},"end":{"line":71,"column":42}},"loc":{"start":{"line":71,"column":59},"end":{"line":74,"column":12}}}},"branchMap":{"0":{"loc":{"start":{"line":62,"column":6},"end":{"line":64,"column":7}},"type":"if","locations":[{"start":{"line":62,"column":6},"end":{"line":64,"column":7}}]},"1":{"loc":{"start":{"line":78,"column":6},"end":{"line":81,"column":7}},"type":"if","locations":[{"start":{"line":78,"column":6},"end":{"line":81,"column":7}}]},"2":{"loc":{"start":{"line":78,"column":10},"end":{"line":78,"column":125}},"type":"binary-expr","locations":[{"start":{"line":78,"column":10},"end":{"line":78,"column":31}},{"start":{"line":78,"column":36},"end":{"line":78,"column":125}}]}},"s":{"0":1,"1":1,"2":0,"3":0,"4":0,"5":0,"6":0,"7":0,"8":0,"9":0,"10":0,"11":0,"12":0,"13":0,"14":0,"15":0,"16":0},"f":{"0":0,"1":0},"b":{"0":[0],"1":[0],"2":[0,0]}}
,"/Users/martient/Documents/packitoo/ETL/nodes/hipe/Corrugated/CorrugatedMaterialCompositionPrices/actions/Delete.ts": {"path":"/Users/martient/Documents/packitoo/ETL/nodes/hipe/Corrugated/CorrugatedMaterialCompositionPrices/actions/Delete.ts","statementMap":{"0":{"start":{"line":23,"column":0},"end":{"line":23,"column":7}},"1":{"start":{"line":5,"column":13},"end":{"line":20,"column":2}},"2":{"start":{"line":28,"column":43},"end":{"line":28,"column":45}},"3":{"start":{"line":31,"column":2},"end":{"line":54,"column":3}},"4":{"start":{"line":31,"column":15},"end":{"line":31,"column":16}},"5":{"start":{"line":32,"column":4},"end":{"line":53,"column":5}},"6":{"start":{"line":34,"column":22},"end":{"line":34,"column":67}},"7":{"start":{"line":38,"column":6},"end":{"line":46,"column":9}},"8":{"start":{"line":48,"column":6},"end":{"line":51,"column":7}},"9":{"start":{"line":49,"column":8},"end":{"line":49,"column":60}},"10":{"start":{"line":50,"column":8},"end":{"line":50,"column":17}},"11":{"start":{"line":52,"column":6},"end":{"line":52,"column":18}},"12":{"start":{"line":56,"column":2},"end":{"line":56,"column":20}}},"fnMap":{"0":{"name":"execute","decl":{"start":{"line":23,"column":22},"end":{"line":23,"column":29}},"loc":{"start":{"line":25,"column":29},"end":{"line":57,"column":1}}}},"branchMap":{"0":{"loc":{"start":{"line":48,"column":6},"end":{"line":51,"column":7}},"type":"if","locations":[{"start":{"line":48,"column":6},"end":{"line":51,"column":7}}]}},"s":{"0":1,"1":1,"2":0,"3":0,"4":0,"5":0,"6":0,"7":0,"8":0,"9":0,"10":0,"11":0,"12":0},"f":{"0":0},"b":{"0":[0]}}
,"/Users/martient/Documents/packitoo/ETL/nodes/hipe/Corrugated/CorrugatedMaterialCompositionPrices/actions/Get.ts": {"path":"/Users/martient/Documents/packitoo/ETL/nodes/hipe/Corrugated/CorrugatedMaterialCompositionPrices/actions/Get.ts","statementMap":{"0":{"start":{"line":40,"column":0},"end":{"line":40,"column":7}},"1":{"start":{"line":6,"column":13},"end":{"line":37,"column":2}},"2":{"start":{"line":44,"column":43},"end":{"line":44,"column":45}},"3":{"start":{"line":45,"column":22},"end":{"line":45,"column":58}},"4":{"start":{"line":46,"column":16},"end":{"line":46,"column":31}},"5":{"start":{"line":47,"column":2},"end":{"line":49,"column":3}},"6":{"start":{"line":48,"column":4},"end":{"line":48,"column":53}},"7":{"start":{"line":50,"column":2},"end":{"line":50,"column":39}},"8":{"start":{"line":52,"column":2},"end":{"line":68,"column":3}},"9":{"start":{"line":52,"column":15},"end":{"line":52,"column":16}},"10":{"start":{"line":53,"column":4},"end":{"line":67,"column":5}},"11":{"start":{"line":54,"column":22},"end":{"line":54,"column":67}},"12":{"start":{"line":55,"column":23},"end":{"line":59,"column":8}},"13":{"start":{"line":60,"column":6},"end":{"line":60,"column":81}},"14":{"start":{"line":62,"column":6},"end":{"line":65,"column":7}},"15":{"start":{"line":63,"column":8},"end":{"line":63,"column":60}},"16":{"start":{"line":64,"column":8},"end":{"line":64,"column":17}},"17":{"start":{"line":66,"column":6},"end":{"line":66,"column":18}},"18":{"start":{"line":69,"column":2},"end":{"line":69,"column":20}}},"fnMap":{"0":{"name":"execute","decl":{"start":{"line":40,"column":22},"end":{"line":40,"column":29}},"loc":{"start":{"line":42,"column":29},"end":{"line":70,"column":1}}}},"branchMap":{"0":{"loc":{"start":{"line":47,"column":2},"end":{"line":49,"column":3}},"type":"if","locations":[{"start":{"line":47,"column":2},"end":{"line":49,"column":3}}]},"1":{"loc":{"start":{"line":62,"column":6},"end":{"line":65,"column":7}},"type":"if","locations":[{"start":{"line":62,"column":6},"end":{"line":65,"column":7}}]}},"s":{"0":1,"1":1,"2":0,"3":0,"4":0,"5":0,"6":0,"7":0,"8":0,"9":0,"10":0,"11":0,"12":0,"13":0,"14":0,"15":0,"16":0,"17":0,"18":0},"f":{"0":0},"b":{"0":[0],"1":[0]}}
,"/Users/martient/Documents/packitoo/ETL/nodes/hipe/Corrugated/CorrugatedMaterialCompositionPrices/actions/List.ts": {"path":"/Users/martient/Documents/packitoo/ETL/nodes/hipe/Corrugated/CorrugatedMaterialCompositionPrices/actions/List.ts","statementMap":{"0":{"start":{"line":124,"column":0},"end":{"line":124,"column":7}},"1":{"start":{"line":5,"column":13},"end":{"line":121,"column":2}},"2":{"start":{"line":128,"column":43},"end":{"line":128,"column":45}},"3":{"start":{"line":129,"column":22},"end":{"line":129,"column":58}},"4":{"start":{"line":130,"column":16},"end":{"line":130,"column":31}},"5":{"start":{"line":131,"column":2},"end":{"line":133,"column":3}},"6":{"start":{"line":132,"column":4},"end":{"line":132,"column":53}},"7":{"start":{"line":134,"column":2},"end":{"line":134,"column":39}},"8":{"start":{"line":136,"column":2},"end":{"line":173,"column":3}},"9":{"start":{"line":136,"column":15},"end":{"line":136,"column":16}},"10":{"start":{"line":137,"column":4},"end":{"line":172,"column":5}},"11":{"start":{"line":138,"column":24},"end":{"line":138,"column":72}},"12":{"start":{"line":139,"column":20},"end":{"line":139,"column":91}},"13":{"start":{"line":140,"column":22},"end":{"line":140,"column":71}},"14":{"start":{"line":141,"column":19},"end":{"line":141,"column":106}},"15":{"start":{"line":144,"column":22},"end":{"line":144,"column":36}},"16":{"start":{"line":145,"column":6},"end":{"line":145,"column":48}},"17":{"start":{"line":145,"column":31},"end":{"line":145,"column":48}},"18":{"start":{"line":146,"column":6},"end":{"line":149,"column":7}},"19":{"start":{"line":147,"column":8},"end":{"line":147,"column":33}},"20":{"start":{"line":148,"column":8},"end":{"line":148,"column":43}},"21":{"start":{"line":151,"column":23},"end":{"line":156,"column":8}},"22":{"start":{"line":159,"column":6},"end":{"line":165,"column":7}},"23":{"start":{"line":160,"column":8},"end":{"line":160,"column":54}},"24":{"start":{"line":161,"column":13},"end":{"line":165,"column":7}},"25":{"start":{"line":162,"column":8},"end":{"line":162,"column":44}},"26":{"start":{"line":164,"column":8},"end":{"line":164,"column":54}},"27":{"start":{"line":167,"column":6},"end":{"line":170,"column":7}},"28":{"start":{"line":168,"column":8},"end":{"line":168,"column":60}},"29":{"start":{"line":169,"column":8},"end":{"line":169,"column":17}},"30":{"start":{"line":171,"column":6},"end":{"line":171,"column":18}},"31":{"start":{"line":174,"column":2},"end":{"line":174,"column":20}}},"fnMap":{"0":{"name":"execute","decl":{"start":{"line":124,"column":22},"end":{"line":124,"column":29}},"loc":{"start":{"line":126,"column":29},"end":{"line":175,"column":1}}}},"branchMap":{"0":{"loc":{"start":{"line":131,"column":2},"end":{"line":133,"column":3}},"type":"if","locations":[{"start":{"line":131,"column":2},"end":{"line":133,"column":3}}]},"1":{"loc":{"start":{"line":139,"column":20},"end":{"line":139,"column":91}},"type":"cond-expr","locations":[{"start":{"line":139,"column":32},"end":{"line":139,"column":41}},{"start":{"line":139,"column":44},"end":{"line":139,"column":91}}]},"2":{"loc":{"start":{"line":145,"column":6},"end":{"line":145,"column":48}},"type":"if","locations":[{"start":{"line":145,"column":6},"end":{"line":145,"column":48}}]},"3":{"loc":{"start":{"line":145,"column":10},"end":{"line":145,"column":29}},"type":"binary-expr","locations":[{"start":{"line":145,"column":10},"end":{"line":145,"column":20}},{"start":{"line":145,"column":24},"end":{"line":145,"column":29}}]},"4":{"loc":{"start":{"line":146,"column":6},"end":{"line":149,"column":7}},"type":"if","locations":[{"start":{"line":146,"column":6},"end":{"line":149,"column":7}}]},"5":{"loc":{"start":{"line":148,"column":19},"end":{"line":148,"column":42}},"type":"binary-expr","locations":[{"start":{"line":148,"column":19},"end":{"line":148,"column":33}},{"start":{"line":148,"column":37},"end":{"line":148,"column":42}}]},"6":{"loc":{"start":{"line":159,"column":6},"end":{"line":165,"column":7}},"type":"if","locations":[{"start":{"line":159,"column":6},"end":{"line":165,"column":7}},{"start":{"line":161,"column":13},"end":{"line":165,"column":7}}]},"7":{"loc":{"start":{"line":161,"column":13},"end":{"line":165,"column":7}},"type":"if","locations":[{"start":{"line":161,"column":13},"end":{"line":165,"column":7}},{"start":{"line":163,"column":13},"end":{"line":165,"column":7}}]},"8":{"loc":{"start":{"line":167,"column":6},"end":{"line":170,"column":7}},"type":"if","locations":[{"start":{"line":167,"column":6},"end":{"line":170,"column":7}}]}},"s":{"0":1,"1":1,"2":0,"3":0,"4":0,"5":0,"6":0,"7":0,"8":0,"9":0,"10":0,"11":0,"12":0,"13":0,"14":0,"15":0,"16":0,"17":0,"18":0,"19":0,"20":0,"21":0,"22":0,"23":0,"24":0,"25":0,"26":0,"27":0,"28":0,"29":0,"30":0,"31":0},"f":{"0":0},"b":{"0":[0],"1":[0,0],"2":[0],"3":[0,0],"4":[0],"5":[0,0],"6":[0,0],"7":[0,0],"8":[0]}}
,"/Users/martient/Documents/packitoo/ETL/nodes/hipe/Corrugated/CorrugatedMaterialCompositionPrices/actions/Update.ts": {"path":"/Users/martient/Documents/packitoo/ETL/nodes/hipe/Corrugated/CorrugatedMaterialCompositionPrices/actions/Update.ts","statementMap":{"0":{"start":{"line":105,"column":0},"end":{"line":105,"column":7}},"1":{"start":{"line":6,"column":13},"end":{"line":102,"column":2}},"2":{"start":{"line":110,"column":43},"end":{"line":110,"column":45}},"3":{"start":{"line":113,"column":2},"end":{"line":137,"column":3}},"4":{"start":{"line":113,"column":15},"end":{"line":113,"column":16}},"5":{"start":{"line":114,"column":4},"end":{"line":136,"column":5}},"6":{"start":{"line":116,"column":22},"end":{"line":116,"column":67}},"7":{"start":{"line":117,"column":27},"end":{"line":117,"column":110}},"8":{"start":{"line":121,"column":6},"end":{"line":129,"column":9}},"9":{"start":{"line":131,"column":6},"end":{"line":134,"column":7}},"10":{"start":{"line":132,"column":8},"end":{"line":132,"column":60}},"11":{"start":{"line":133,"column":8},"end":{"line":133,"column":17}},"12":{"start":{"line":135,"column":6},"end":{"line":135,"column":18}},"13":{"start":{"line":139,"column":2},"end":{"line":139,"column":20}}},"fnMap":{"0":{"name":"execute","decl":{"start":{"line":105,"column":22},"end":{"line":105,"column":29}},"loc":{"start":{"line":107,"column":29},"end":{"line":140,"column":1}}}},"branchMap":{"0":{"loc":{"start":{"line":131,"column":6},"end":{"line":134,"column":7}},"type":"if","locations":[{"start":{"line":131,"column":6},"end":{"line":134,"column":7}}]}},"s":{"0":1,"1":1,"2":0,"3":0,"4":0,"5":0,"6":0,"7":0,"8":0,"9":0,"10":0,"11":0,"12":0,"13":0},"f":{"0":0},"b":{"0":[0]}}
,"/Users/martient/Documents/packitoo/ETL/nodes/hipe/Corrugated/CorrugatedMaterialCompositions/actions/Create.ts": {"path":"/Users/martient/Documents/packitoo/ETL/nodes/hipe/Corrugated/CorrugatedMaterialCompositions/actions/Create.ts","statementMap":{"0":{"start":{"line":71,"column":0},"end":{"line":71,"column":7}},"1":{"start":{"line":6,"column":13},"end":{"line":68,"column":2}},"2":{"start":{"line":76,"column":43},"end":{"line":76,"column":45}},"3":{"start":{"line":79,"column":2},"end":{"line":110,"column":3}},"4":{"start":{"line":79,"column":15},"end":{"line":79,"column":16}},"5":{"start":{"line":80,"column":4},"end":{"line":109,"column":5}},"6":{"start":{"line":82,"column":33},"end":{"line":82,"column":89}},"7":{"start":{"line":83,"column":20},"end":{"line":83,"column":63}},"8":{"start":{"line":84,"column":21},"end":{"line":84,"column":67}},"9":{"start":{"line":85,"column":31},"end":{"line":85,"column":89}},"10":{"start":{"line":88,"column":58},"end":{"line":93,"column":8}},"11":{"start":{"line":97,"column":6},"end":{"line":102,"column":9}},"12":{"start":{"line":104,"column":6},"end":{"line":107,"column":7}},"13":{"start":{"line":105,"column":8},"end":{"line":105,"column":60}},"14":{"start":{"line":106,"column":8},"end":{"line":106,"column":17}},"15":{"start":{"line":108,"column":6},"end":{"line":108,"column":18}},"16":{"start":{"line":112,"column":2},"end":{"line":112,"column":20}}},"fnMap":{"0":{"name":"execute","decl":{"start":{"line":71,"column":22},"end":{"line":71,"column":29}},"loc":{"start":{"line":73,"column":29},"end":{"line":113,"column":1}}}},"branchMap":{"0":{"loc":{"start":{"line":104,"column":6},"end":{"line":107,"column":7}},"type":"if","locations":[{"start":{"line":104,"column":6},"end":{"line":107,"column":7}}]}},"s":{"0":1,"1":1,"2":0,"3":0,"4":0,"5":0,"6":0,"7":0,"8":0,"9":0,"10":0,"11":0,"12":0,"13":0,"14":0,"15":0,"16":0},"f":{"0":0},"b":{"0":[0]}}
,"/Users/martient/Documents/packitoo/ETL/nodes/hipe/Corrugated/CorrugatedMaterialCompositions/actions/CreateBulk.ts": {"path":"/Users/martient/Documents/packitoo/ETL/nodes/hipe/Corrugated/CorrugatedMaterialCompositions/actions/CreateBulk.ts","statementMap":{"0":{"start":{"line":45,"column":0},"end":{"line":45,"column":7}},"1":{"start":{"line":5,"column":13},"end":{"line":42,"column":2}},"2":{"start":{"line":50,"column":43},"end":{"line":50,"column":45}},"3":{"start":{"line":53,"column":2},"end":{"line":84,"column":3}},"4":{"start":{"line":53,"column":15},"end":{"line":53,"column":16}},"5":{"start":{"line":54,"column":4},"end":{"line":83,"column":5}},"6":{"start":{"line":56,"column":29},"end":{"line":56,"column":81}},"7":{"start":{"line":60,"column":24},"end":{"line":60,"column":53}},"8":{"start":{"line":62,"column":6},"end":{"line":64,"column":7}},"9":{"start":{"line":63,"column":8},"end":{"line":63,"column":102}},"10":{"start":{"line":68,"column":6},"end":{"line":76,"column":9}},"11":{"start":{"line":71,"column":59},"end":{"line":74,"column":12}},"12":{"start":{"line":78,"column":6},"end":{"line":81,"column":7}},"13":{"start":{"line":79,"column":8},"end":{"line":79,"column":60}},"14":{"start":{"line":80,"column":8},"end":{"line":80,"column":17}},"15":{"start":{"line":82,"column":6},"end":{"line":82,"column":18}},"16":{"start":{"line":86,"column":2},"end":{"line":86,"column":20}}},"fnMap":{"0":{"name":"execute","decl":{"start":{"line":45,"column":22},"end":{"line":45,"column":29}},"loc":{"start":{"line":47,"column":29},"end":{"line":87,"column":1}}},"1":{"name":"(anonymous_1)","decl":{"start":{"line":71,"column":41},"end":{"line":71,"column":42}},"loc":{"start":{"line":71,"column":59},"end":{"line":74,"column":12}}}},"branchMap":{"0":{"loc":{"start":{"line":62,"column":6},"end":{"line":64,"column":7}},"type":"if","locations":[{"start":{"line":62,"column":6},"end":{"line":64,"column":7}}]},"1":{"loc":{"start":{"line":78,"column":6},"end":{"line":81,"column":7}},"type":"if","locations":[{"start":{"line":78,"column":6},"end":{"line":81,"column":7}}]},"2":{"loc":{"start":{"line":78,"column":10},"end":{"line":78,"column":125}},"type":"binary-expr","locations":[{"start":{"line":78,"column":10},"end":{"line":78,"column":31}},{"start":{"line":78,"column":36},"end":{"line":78,"column":125}}]}},"s":{"0":1,"1":1,"2":0,"3":0,"4":0,"5":0,"6":0,"7":0,"8":0,"9":0,"10":0,"11":0,"12":0,"13":0,"14":0,"15":0,"16":0},"f":{"0":0,"1":0},"b":{"0":[0],"1":[0],"2":[0,0]}}
,"/Users/martient/Documents/packitoo/ETL/nodes/hipe/Corrugated/CorrugatedMaterialCompositions/actions/Delete.ts": {"path":"/Users/martient/Documents/packitoo/ETL/nodes/hipe/Corrugated/CorrugatedMaterialCompositions/actions/Delete.ts","statementMap":{"0":{"start":{"line":23,"column":0},"end":{"line":23,"column":7}},"1":{"start":{"line":5,"column":13},"end":{"line":20,"column":2}},"2":{"start":{"line":28,"column":43},"end":{"line":28,"column":45}},"3":{"start":{"line":31,"column":2},"end":{"line":54,"column":3}},"4":{"start":{"line":31,"column":15},"end":{"line":31,"column":16}},"5":{"start":{"line":32,"column":4},"end":{"line":53,"column":5}},"6":{"start":{"line":34,"column":28},"end":{"line":34,"column":79}},"7":{"start":{"line":38,"column":6},"end":{"line":46,"column":9}},"8":{"start":{"line":48,"column":6},"end":{"line":51,"column":7}},"9":{"start":{"line":49,"column":8},"end":{"line":49,"column":60}},"10":{"start":{"line":50,"column":8},"end":{"line":50,"column":17}},"11":{"start":{"line":52,"column":6},"end":{"line":52,"column":18}},"12":{"start":{"line":56,"column":2},"end":{"line":56,"column":20}}},"fnMap":{"0":{"name":"execute","decl":{"start":{"line":23,"column":22},"end":{"line":23,"column":29}},"loc":{"start":{"line":25,"column":29},"end":{"line":57,"column":1}}}},"branchMap":{"0":{"loc":{"start":{"line":48,"column":6},"end":{"line":51,"column":7}},"type":"if","locations":[{"start":{"line":48,"column":6},"end":{"line":51,"column":7}}]}},"s":{"0":1,"1":1,"2":0,"3":0,"4":0,"5":0,"6":0,"7":0,"8":0,"9":0,"10":0,"11":0,"12":0},"f":{"0":0},"b":{"0":[0]}}
,"/Users/martient/Documents/packitoo/ETL/nodes/hipe/Corrugated/CorrugatedMaterialCompositions/actions/Get.ts": {"path":"/Users/martient/Documents/packitoo/ETL/nodes/hipe/Corrugated/CorrugatedMaterialCompositions/actions/Get.ts","statementMap":{"0":{"start":{"line":40,"column":0},"end":{"line":40,"column":7}},"1":{"start":{"line":6,"column":13},"end":{"line":37,"column":2}},"2":{"start":{"line":45,"column":43},"end":{"line":45,"column":45}},"3":{"start":{"line":48,"column":22},"end":{"line":48,"column":58}},"4":{"start":{"line":49,"column":16},"end":{"line":49,"column":31}},"5":{"start":{"line":50,"column":2},"end":{"line":52,"column":3}},"6":{"start":{"line":51,"column":4},"end":{"line":51,"column":53}},"7":{"start":{"line":53,"column":2},"end":{"line":53,"column":39}},"8":{"start":{"line":55,"column":2},"end":{"line":71,"column":3}},"9":{"start":{"line":55,"column":15},"end":{"line":55,"column":16}},"10":{"start":{"line":56,"column":4},"end":{"line":70,"column":5}},"11":{"start":{"line":57,"column":28},"end":{"line":57,"column":79}},"12":{"start":{"line":58,"column":23},"end":{"line":62,"column":8}},"13":{"start":{"line":63,"column":6},"end":{"line":63,"column":76}},"14":{"start":{"line":65,"column":6},"end":{"line":68,"column":7}},"15":{"start":{"line":66,"column":8},"end":{"line":66,"column":60}},"16":{"start":{"line":67,"column":8},"end":{"line":67,"column":17}},"17":{"start":{"line":69,"column":6},"end":{"line":69,"column":18}},"18":{"start":{"line":72,"column":2},"end":{"line":72,"column":20}}},"fnMap":{"0":{"name":"execute","decl":{"start":{"line":40,"column":22},"end":{"line":40,"column":29}},"loc":{"start":{"line":42,"column":29},"end":{"line":73,"column":1}}}},"branchMap":{"0":{"loc":{"start":{"line":50,"column":2},"end":{"line":52,"column":3}},"type":"if","locations":[{"start":{"line":50,"column":2},"end":{"line":52,"column":3}}]},"1":{"loc":{"start":{"line":65,"column":6},"end":{"line":68,"column":7}},"type":"if","locations":[{"start":{"line":65,"column":6},"end":{"line":68,"column":7}}]}},"s":{"0":1,"1":1,"2":0,"3":0,"4":0,"5":0,"6":0,"7":0,"8":0,"9":0,"10":0,"11":0,"12":0,"13":0,"14":0,"15":0,"16":0,"17":0,"18":0},"f":{"0":0},"b":{"0":[0],"1":[0]}}
,"/Users/martient/Documents/packitoo/ETL/nodes/hipe/Corrugated/CorrugatedMaterialCompositions/actions/List.ts": {"path":"/Users/martient/Documents/packitoo/ETL/nodes/hipe/Corrugated/CorrugatedMaterialCompositions/actions/List.ts","statementMap":{"0":{"start":{"line":113,"column":0},"end":{"line":113,"column":7}},"1":{"start":{"line":5,"column":13},"end":{"line":110,"column":2}},"2":{"start":{"line":117,"column":43},"end":{"line":117,"column":45}},"3":{"start":{"line":118,"column":22},"end":{"line":118,"column":58}},"4":{"start":{"line":119,"column":16},"end":{"line":119,"column":31}},"5":{"start":{"line":120,"column":2},"end":{"line":122,"column":3}},"6":{"start":{"line":121,"column":4},"end":{"line":121,"column":53}},"7":{"start":{"line":123,"column":2},"end":{"line":123,"column":39}},"8":{"start":{"line":125,"column":2},"end":{"line":162,"column":3}},"9":{"start":{"line":125,"column":15},"end":{"line":125,"column":16}},"10":{"start":{"line":126,"column":4},"end":{"line":161,"column":5}},"11":{"start":{"line":127,"column":24},"end":{"line":127,"column":72}},"12":{"start":{"line":128,"column":20},"end":{"line":128,"column":91}},"13":{"start":{"line":129,"column":22},"end":{"line":129,"column":71}},"14":{"start":{"line":130,"column":19},"end":{"line":130,"column":106}},"15":{"start":{"line":133,"column":22},"end":{"line":133,"column":36}},"16":{"start":{"line":134,"column":6},"end":{"line":134,"column":48}},"17":{"start":{"line":134,"column":31},"end":{"line":134,"column":48}},"18":{"start":{"line":135,"column":6},"end":{"line":138,"column":7}},"19":{"start":{"line":136,"column":8},"end":{"line":136,"column":33}},"20":{"start":{"line":137,"column":8},"end":{"line":137,"column":43}},"21":{"start":{"line":140,"column":23},"end":{"line":145,"column":8}},"22":{"start":{"line":148,"column":6},"end":{"line":154,"column":7}},"23":{"start":{"line":149,"column":8},"end":{"line":149,"column":54}},"24":{"start":{"line":150,"column":13},"end":{"line":154,"column":7}},"25":{"start":{"line":151,"column":8},"end":{"line":151,"column":44}},"26":{"start":{"line":153,"column":8},"end":{"line":153,"column":54}},"27":{"start":{"line":156,"column":6},"end":{"line":159,"column":7}},"28":{"start":{"line":157,"column":8},"end":{"line":157,"column":60}},"29":{"start":{"line":158,"column":8},"end":{"line":158,"column":17}},"30":{"start":{"line":160,"column":6},"end":{"line":160,"column":18}},"31":{"start":{"line":163,"column":2},"end":{"line":163,"column":20}}},"fnMap":{"0":{"name":"execute","decl":{"start":{"line":113,"column":22},"end":{"line":113,"column":29}},"loc":{"start":{"line":115,"column":29},"end":{"line":164,"column":1}}}},"branchMap":{"0":{"loc":{"start":{"line":120,"column":2},"end":{"line":122,"column":3}},"type":"if","locations":[{"start":{"line":120,"column":2},"end":{"line":122,"column":3}}]},"1":{"loc":{"start":{"line":128,"column":20},"end":{"line":128,"column":91}},"type":"cond-expr","locations":[{"start":{"line":128,"column":32},"end":{"line":128,"column":41}},{"start":{"line":128,"column":44},"end":{"line":128,"column":91}}]},"2":{"loc":{"start":{"line":134,"column":6},"end":{"line":134,"column":48}},"type":"if","locations":[{"start":{"line":134,"column":6},"end":{"line":134,"column":48}}]},"3":{"loc":{"start":{"line":134,"column":10},"end":{"line":134,"column":29}},"type":"binary-expr","locations":[{"start":{"line":134,"column":10},"end":{"line":134,"column":20}},{"start":{"line":134,"column":24},"end":{"line":134,"column":29}}]},"4":{"loc":{"start":{"line":135,"column":6},"end":{"line":138,"column":7}},"type":"if","locations":[{"start":{"line":135,"column":6},"end":{"line":138,"column":7}}]},"5":{"loc":{"start":{"line":137,"column":19},"end":{"line":137,"column":42}},"type":"binary-expr","locations":[{"start":{"line":137,"column":19},"end":{"line":137,"column":33}},{"start":{"line":137,"column":37},"end":{"line":137,"column":42}}]},"6":{"loc":{"start":{"line":148,"column":6},"end":{"line":154,"column":7}},"type":"if","locations":[{"start":{"line":148,"column":6},"end":{"line":154,"column":7}},{"start":{"line":150,"column":13},"end":{"line":154,"column":7}}]},"7":{"loc":{"start":{"line":150,"column":13},"end":{"line":154,"column":7}},"type":"if","locations":[{"start":{"line":150,"column":13},"end":{"line":154,"column":7}},{"start":{"line":152,"column":13},"end":{"line":154,"column":7}}]},"8":{"loc":{"start":{"line":156,"column":6},"end":{"line":159,"column":7}},"type":"if","locations":[{"start":{"line":156,"column":6},"end":{"line":159,"column":7}}]}},"s":{"0":1,"1":1,"2":0,"3":0,"4":0,"5":0,"6":0,"7":0,"8":0,"9":0,"10":0,"11":0,"12":0,"13":0,"14":0,"15":0,"16":0,"17":0,"18":0,"19":0,"20":0,"21":0,"22":0,"23":0,"24":0,"25":0,"26":0,"27":0,"28":0,"29":0,"30":0,"31":0},"f":{"0":0},"b":{"0":[0],"1":[0,0],"2":[0],"3":[0,0],"4":[0],"5":[0,0],"6":[0,0],"7":[0,0],"8":[0]}}
[...]
,"/Users/martient/Documents/packitoo/ETL/nodes/hipe/Corrugated/CorrugatedSuppliers/actions/List.ts": {"path":"/Users/martient/Documents/packitoo/ETL/nodes/hipe/Corrugated/CorrugatedSuppliers/actions/List.ts","statementMap":{"0":{"start":{"line":124,"column":0},"end":{"line":124,"column":7}},"1":{"start":{"line":5,"column":13},"end":{"line":121,"column":2}},"2":{"start":{"line":128,"column":42},"end":{"line":128,"column":44}},"3":{"start":{"line":129,"column":21},"end":{"line":129,"column":57}},"4":{"start":{"line":130,"column":15},"end":{"line":130,"column":30}},"5":{"start":{"line":131,"column":1},"end":{"line":133,"column":2}},"6":{"start":{"line":132,"column":2},"end":{"line":132,"column":51}},"7":{"start":{"line":134,"column":1},"end":{"line":134,"column":38}},"8":{"start":{"line":136,"column":1},"end":{"line":176,"column":2}},"9":{"start":{"line":136,"column":14},"end":{"line":136,"column":15}},"10":{"start":{"line":137,"column":2},"end":{"line":175,"column":3}},"11":{"start":{"line":138,"column":21},"end":{"line":138,"column":69}},"12":{"start":{"line":139,"column":17},"end":{"line":139,"column":90}},"13":{"start":{"line":140,"column":19},"end":{"line":140,"column":68}},"14":{"start":{"line":141,"column":16},"end":{"line":141,"column":null}},"15":{"start":{"line":147,"column":19},"end":{"line":147,"column":33}},"16":{"start":{"line":148,"column":3},"end":{"line":148,"column":45}},"17":{"start":{"line":148,"column":28},"end":{"line":148,"column":45}},"18":{"start":{"line":149,"column":3},"end":{"line":152,"column":4}},"19":{"start":{"line":150,"column":4},"end":{"line":150,"column":29}},"20":{"start":{"line":151,"column":4},"end":{"line":151,"column":39}},"21":{"start":{"line":154,"column":20},"end":{"line":159,"column":5}},"22":{"start":{"line":162,"column":3},"end":{"line":168,"column":4}},"23":{"start":{"line":163,"column":4},"end":{"line":163,"column":50}},"24":{"start":{"line":164,"column":10},"end":{"line":168,"column":4}},"25":{"start":{"line":165,"column":4},"end":{"line":165,"column":40}},"26":{"start":{"line":167,"column":4},"end":{"line":167,"column":50}},"27":{"start":{"line":170,"column":3},"end":{"line":173,"column":4}},"28":{"start":{"line":171,"column":4},"end":{"line":171,"column":56}},"29":{"start":{"line":172,"column":4},"end":{"line":172,"column":13}},"30":{"start":{"line":174,"column":3},"end":{"line":174,"column":15}},"31":{"start":{"line":177,"column":1},"end":{"line":177,"column":19}}},"fnMap":{"0":{"name":"execute","decl":{"start":{"line":124,"column":22},"end":{"line":124,"column":29}},"loc":{"start":{"line":126,"column":28},"end":{"line":178,"column":1}}}},"branchMap":{"0":{"loc":{"start":{"line":131,"column":1},"end":{"line":133,"column":2}},"type":"if","locations":[{"start":{"line":131,"column":1},"end":{"line":133,"column":2}}]},"1":{"loc":{"start":{"line":139,"column":17},"end":{"line":139,"column":90}},"type":"cond-expr","locations":[{"start":{"line":139,"column":29},"end":{"line":139,"column":38}},{"start":{"line":139,"column":42},"end":{"line":139,"column":90}}]},"2":{"loc":{"start":{"line":148,"column":3},"end":{"line":148,"column":45}},"type":"if","locations":[{"start":{"line":148,"column":3},"end":{"line":148,"column":45}}]},"3":{"loc":{"start":{"line":148,"column":7},"end":{"line":148,"column":26}},"type":"binary-expr","locations":[{"start":{"line":148,"column":7},"end":{"line":148,"column":17}},{"start":{"line":148,"column":21},"end":{"line":148,"column":26}}]},"4":{"loc":{"start":{"line":149,"column":3},"end":{"line":152,"column":4}},"type":"if","locations":[{"start":{"line":149,"column":3},"end":{"line":152,"column":4}}]},"5":{"loc":{"start":{"line":151,"column":15},"end":{"line":151,"column":38}},"type":"binary-expr","locations":[{"start":{"line":151,"column":15},"end":{"line":151,"column":29}},{"start":{"line":151,"column":33},"end":{"line":151,"column":38}}]},"6":{"loc":{"start":{"line":162,"column":3},"end":{"line":168,"column":4}},"type":"if","locations":[{"start":{"line":162,"column":3},"end":{"line":168,"column":4}},{"start":{"line":164,"column":10},"end":{"line":168,"column":4}}]},"7":{"loc":{"start":{"line":164,"column":10},"end":{"line":168,"column":4}},"type":"if","locations":[{"start":{"line":164,"column":10},"end":{"line":168,"column":4}},{"start":{"line":166,"column":10},"end":{"line":168,"column":4}}]},"8":{"loc":{"start":{"line":170,"column":3},"end":{"line":173,"column":4}},"type":"if","locations":[{"start":{"line":170,"column":3},"end":{"line":173,"column":4}}]}},"s":{"0":1,"1":1,"2":0,"3":0,"4":0,"5":0,"6":0,"7":0,"8":0,"9":0,"10":0,"11":0,"12":0,"13":0,"14":0,"15":0,"16":0,"17":0,"18":0,"19":0,"20":0,"21":0,"22":0,"23":0,"24":0,"25":0,"26":0,"27":0,"28":0,"29":0,"30":0,"31":0},"f":{"0":0},"b":{"0":[0],"1":[0,0],"2":[0],"3":[0,0],"4":[0],"5":[0,0],"6":[0,0],"7":[0,0],"8":[0]}}
,"/Users/martient/Documents/packitoo/ETL/nodes/hipe/Corrugated/CorrugatedSuppliers/actions/Update.ts": {"path":"/Users/martient/Documents/packitoo/ETL/nodes/hipe/Corrugated/CorrugatedSuppliers/actions/Update.ts","statementMap":{"0":{"start":{"line":66,"column":0},"end":{"line":66,"column":7}},"1":{"start":{"line":6,"column":13},"end":{"line":63,"column":2}},"2":{"start":{"line":71,"column":43},"end":{"line":71,"column":45}},"3":{"start":{"line":74,"column":2},"end":{"line":98,"column":3}},"4":{"start":{"line":74,"column":15},"end":{"line":74,"column":16}},"5":{"start":{"line":75,"column":4},"end":{"line":97,"column":5}},"6":{"start":{"line":77,"column":25},"end":{"line":77,"column":73}},"7":{"start":{"line":78,"column":27},"end":{"line":78,"column":94}},"8":{"start":{"line":82,"column":6},"end":{"line":90,"column":9}},"9":{"start":{"line":92,"column":6},"end":{"line":95,"column":7}},"10":{"start":{"line":93,"column":8},"end":{"line":93,"column":60}},"11":{"start":{"line":94,"column":8},"end":{"line":94,"column":17}},"12":{"start":{"line":96,"column":6},"end":{"line":96,"column":18}},"13":{"start":{"line":100,"column":2},"end":{"line":100,"column":20}}},"fnMap":{"0":{"name":"execute","decl":{"start":{"line":66,"column":22},"end":{"line":66,"column":29}},"loc":{"start":{"line":68,"column":29},"end":{"line":101,"column":1}}}},"branchMap":{"0":{"loc":{"start":{"line":92,"column":6},"end":{"line":95,"column":7}},"type":"if","locations":[{"start":{"line":92,"column":6},"end":{"line":95,"column":7}}]}},"s":{"0":1,"1":1,"2":0,"3":0,"4":0,"5":0,"6":0,"7":0,"8":0,"9":0,"10":0,"11":0,"12":0,"13":0},"f":{"0":0},"b":{"0":[0]}}
,"/Users/martient/Documents/packitoo/ETL/nodes/hipe/Users/actions/CreateContact.ts": {"path":"/Users/martient/Documents/packitoo/ETL/nodes/hipe/Users/actions/CreateContact.ts","statementMap":{"0":{"start":{"line":120,"column":0},"end":{"line":120,"column":7}},"1":{"start":{"line":6,"column":13},"end":{"line":117,"column":2}},"2":{"start":{"line":124,"column":43},"end":{"line":124,"column":45}},"3":{"start":{"line":127,"column":22},"end":{"line":127,"column":58}},"4":{"start":{"line":128,"column":16},"end":{"line":128,"column":31}},"5":{"start":{"line":129,"column":2},"end":{"line":131,"column":3}},"6":{"start":{"line":130,"column":4},"end":{"line":130,"column":53}},"7":{"start":{"line":132,"column":2},"end":{"line":132,"column":39}},"8":{"start":{"line":135,"column":2},"end":{"line":176,"column":3}},"9":{"start":{"line":135,"column":15},"end":{"line":135,"column":16}},"10":{"start":{"line":136,"column":4},"end":{"line":175,"column":5}},"11":{"start":{"line":138,"column":24},"end":{"line":138,"column":71}},"12":{"start":{"line":139,"column":23},"end":{"line":139,"column":73}},"13":{"start":{"line":140,"column":20},"end":{"line":140,"column":67}},"14":{"start":{"line":141,"column":25},"end":{"line":141,"column":77}},"15":{"start":{"line":142,"column":26},"end":{"line":142,"column":79}},"16":{"start":{"line":143,"column":26},"end":{"line":143,"column":79}},"17":{"start":{"line":144,"column":18},"end":{"line":144,"column":63}},"18":{"start":{"line":145,"column":27},"end":{"line":145,"column":81}},"19":{"start":{"line":148,"column":33},"end":{"line":157,"column":8}},"20":{"start":{"line":159,"column":23},"end":{"line":165,"column":null}},"21":{"start":{"line":168,"column":6},"end":{"line":168,"column":42}},"22":{"start":{"line":170,"column":6},"end":{"line":173,"column":7}},"23":{"start":{"line":171,"column":8},"end":{"line":171,"column":60}},"24":{"start":{"line":172,"column":8},"end":{"line":172,"column":17}},"25":{"start":{"line":174,"column":6},"end":{"line":174,"column":18}},"26":{"start":{"line":178,"column":2},"end":{"line":178,"column":20}}},"fnMap":{"0":{"name":"execute","decl":{"start":{"line":120,"column":22},"end":{"line":120,"column":29}},"loc":{"start":{"line":122,"column":29},"end":{"line":179,"column":1}}}},"branchMap":{"0":{"loc":{"start":{"line":129,"column":2},"end":{"line":131,"column":3}},"type":"if","locations":[{"start":{"line":129,"column":2},"end":{"line":131,"column":3}}]},"1":{"loc":{"start":{"line":170,"column":6},"end":{"line":173,"column":7}},"type":"if","locations":[{"start":{"line":170,"column":6},"end":{"line":173,"column":7}}]}},"s":{"0":1,"1":1,"2":1,"3":1,"4":1,"5":1,"6":0,"7":1,"8":1,"9":1,"10":1,"11":1,"12":1,"13":1,"14":1,"15":1,"16":1,"17":1,"18":1,"19":1,"20":1,"21":1,"22":0,"23":0,"24":0,"25":0,"26":1},"f":{"0":1},"b":{"0":[0],"1":[0]}}
,"/Users/martient/Documents/packitoo/ETL/nodes/hipe/Users/actions/Get.ts": {"path":"/Users/martient/Documents/packitoo/ETL/nodes/hipe/Users/actions/Get.ts","statementMap":{"0":{"start":{"line":39,"column":0},"end":{"line":39,"column":7}},"1":{"start":{"line":5,"column":13},"end":{"line":36,"column":2}},"2":{"start":{"line":43,"column":43},"end":{"line":43,"column":45}},"3":{"start":{"line":46,"column":22},"end":{"line":46,"column":58}},"4":{"start":{"line":47,"column":16},"end":{"line":47,"column":31}},"5":{"start":{"line":48,"column":2},"end":{"line":50,"column":3}},"6":{"start":{"line":49,"column":4},"end":{"line":49,"column":74}},"7":{"start":{"line":51,"column":2},"end":{"line":51,"column":39}},"8":{"start":{"line":54,"column":2},"end":{"line":75,"column":3}},"9":{"start":{"line":54,"column":15},"end":{"line":54,"column":16}},"10":{"start":{"line":55,"column":4},"end":{"line":74,"column":5}},"11":{"start":{"line":57,"column":17},"end":{"line":57,"column":57}},"12":{"start":{"line":61,"column":23},"end":{"line":65,"column":8}},"13":{"start":{"line":67,"column":6},"end":{"line":67,"column":42}},"14":{"start":{"line":69,"column":6},"end":{"line":72,"column":7}},"15":{"start":{"line":70,"column":8},"end":{"line":70,"column":60}},"16":{"start":{"line":71,"column":8},"end":{"line":71,"column":17}},"17":{"start":{"line":73,"column":6},"end":{"line":73,"column":18}},"18":{"start":{"line":77,"column":2},"end":{"line":77,"column":20}}},"fnMap":{"0":{"name":"execute","decl":{"start":{"line":39,"column":22},"end":{"line":39,"column":29}},"loc":{"start":{"line":41,"column":29},"end":{"line":78,"column":1}}}},"branchMap":{"0":{"loc":{"start":{"line":48,"column":2},"end":{"line":50,"column":3}},"type":"if","locations":[{"start":{"line":48,"column":2},"end":{"line":50,"column":3}}]},"1":{"loc":{"start":{"line":48,"column":6},"end":{"line":48,"column":78}},"type":"binary-expr","locations":[{"start":{"line":48,"column":6},"end":{"line":48,"column":14}},{"start":{"line":48,"column":18},"end":{"line":48,"column":45}},{"start":{"line":48,"column":49},"end":{"line":48,"column":78}}]},"2":{"loc":{"start":{"line":69,"column":6},"end":{"line":72,"column":7}},"type":"if","locations":[{"start":{"line":69,"column":6},"end":{"line":72,"column":7}}]}},"s":{"0":1,"1":1,"2":2,"3":2,"4":2,"5":2,"6":0,"7":2,"8":2,"9":2,"10":2,"11":2,"12":2,"13":1,"14":1,"15":1,"16":1,"17":0,"18":2},"f":{"0":2},"b":{"0":[0],"1":[2,2,2],"2":[1]}}
,"/Users/martient/Documents/packitoo/ETL/nodes/hipe/Users/actions/List.ts": {"path":"/Users/martient/Documents/packitoo/ETL/nodes/hipe/Users/actions/List.ts","statementMap":{"0":{"start":{"line":158,"column":0},"end":{"line":158,"column":7}},"1":{"start":{"line":5,"column":13},"end":{"line":155,"column":2}},"2":{"start":{"line":163,"column":43},"end":{"line":163,"column":45}},"3":{"start":{"line":164,"column":22},"end":{"line":164,"column":58}},"4":{"start":{"line":165,"column":16},"end":{"line":165,"column":31}},"5":{"start":{"line":166,"column":2},"end":{"line":168,"column":3}},"6":{"start":{"line":167,"column":4},"end":{"line":167,"column":53}},"7":{"start":{"line":169,"column":2},"end":{"line":169,"column":39}},"8":{"start":{"line":171,"column":2},"end":{"line":208,"column":3}},"9":{"start":{"line":171,"column":15},"end":{"line":171,"column":16}},"10":{"start":{"line":172,"column":4},"end":{"line":207,"column":5}},"11":{"start":{"line":173,"column":24},"end":{"line":173,"column":72}},"12":{"start":{"line":174,"column":20},"end":{"line":174,"column":91}},"13":{"start":{"line":175,"column":22},"end":{"line":175,"column":71}},"14":{"start":{"line":176,"column":19},"end":{"line":176,"column":106}},"15":{"start":{"line":179,"column":22},"end":{"line":179,"column":36}},"16":{"start":{"line":180,"column":6},"end":{"line":180,"column":48}},"17":{"start":{"line":180,"column":31},"end":{"line":180,"column":48}},"18":{"start":{"line":181,"column":6},"end":{"line":184,"column":7}},"19":{"start":{"line":182,"column":8},"end":{"line":182,"column":33}},"20":{"start":{"line":183,"column":8},"end":{"line":183,"column":43}},"21":{"start":{"line":186,"column":23},"end":{"line":191,"column":8}},"22":{"start":{"line":194,"column":6},"end":{"line":200,"column":7}},"23":{"start":{"line":195,"column":8},"end":{"line":195,"column":54}},"24":{"start":{"line":196,"column":13},"end":{"line":200,"column":7}},"25":{"start":{"line":197,"column":8},"end":{"line":197,"column":44}},"26":{"start":{"line":199,"column":8},"end":{"line":199,"column":54}},"27":{"start":{"line":202,"column":6},"end":{"line":205,"column":7}},"28":{"start":{"line":203,"column":8},"end":{"line":203,"column":60}},"29":{"start":{"line":204,"column":8},"end":{"line":204,"column":17}},"30":{"start":{"line":206,"column":6},"end":{"line":206,"column":18}},"31":{"start":{"line":209,"column":2},"end":{"line":209,"column":20}}},"fnMap":{"0":{"name":"execute","decl":{"start":{"line":158,"column":22},"end":{"line":158,"column":29}},"loc":{"start":{"line":160,"column":29},"end":{"line":210,"column":1}}}},"branchMap":{"0":{"loc":{"start":{"line":166,"column":2},"end":{"line":168,"column":3}},"type":"if","locations":[{"start":{"line":166,"column":2},"end":{"line":168,"column":3}}]},"1":{"loc":{"start":{"line":174,"column":20},"end":{"line":174,"column":91}},"type":"cond-expr","locations":[{"start":{"line":174,"column":32},"end":{"line":174,"column":41}},{"start":{"line":174,"column":44},"end":{"line":174,"column":91}}]},"2":{"loc":{"start":{"line":180,"column":6},"end":{"line":180,"column":48}},"type":"if","locations":[{"start":{"line":180,"column":6},"end":{"line":180,"column":48}}]},"3":{"loc":{"start":{"line":180,"column":10},"end":{"line":180,"column":29}},"type":"binary-expr","locations":[{"start":{"line":180,"column":10},"end":{"line":180,"column":20}},{"start":{"line":180,"column":24},"end":{"line":180,"column":29}}]},"4":{"loc":{"start":{"line":181,"column":6},"end":{"line":184,"column":7}},"type":"if","locations":[{"start":{"line":181,"column":6},"end":{"line":184,"column":7}}]},"5":{"loc":{"start":{"line":183,"column":19},"end":{"line":183,"column":42}},"type":"binary-expr","locations":[{"start":{"line":183,"column":19},"end":{"line":183,"column":33}},{"start":{"line":183,"column":37},"end":{"line":183,"column":42}}]},"6":{"loc":{"start":{"line":194,"column":6},"end":{"line":200,"column":7}},"type":"if","locations":[{"start":{"line":194,"column":6},"end":{"line":200,"column":7}},{"start":{"line":196,"column":13},"end":{"line":200,"column":7}}]},"7":{"loc":{"start":{"line":196,"column":13},"end":{"line":200,"column":7}},"type":"if","locations":[{"start":{"line":196,"column":13},"end":{"line":200,"column":7}},{"start":{"line":198,"column":13},"end":{"line":200,"column":7}}]},"8":{"loc":{"start":{"line":202,"column":6},"end":{"line":205,"column":7}},"type":"if","locations":[{"start":{"line":202,"column":6},"end":{"line":205,"column":7}}]}},"s":{"0":1,"1":1,"2":3,"3":3,"4":3,"5":3,"6":0,"7":3,"8":3,"9":3,"10":3,"11":3,"12":3,"13":3,"14":3,"15":3,"16":3,"17":0,"18":3,"19":0,"20":0,"21":3,"22":2,"23":1,"24":1,"25":1,"26":0,"27":1,"28":1,"29":1,"30":0,"31":3},"f":{"0":3},"b":{"0":[0],"1":[3,0],"2":[0],"3":[3,0],"4":[0],"5":[0,0],"6":[1,1],"7":[1,0],"8":[1]}}
,"/Users/martient/Documents/packitoo/ETL/nodes/hipe/Users/actions/Update.ts": {"path":"/Users/martient/Documents/packitoo/ETL/nodes/hipe/Users/actions/Update.ts","statementMap":{"0":{"start":{"line":116,"column":0},"end":{"line":116,"column":7}},"1":{"start":{"line":6,"column":13},"end":{"line":113,"column":2}},"2":{"start":{"line":120,"column":43},"end":{"line":120,"column":45}},"3":{"start":{"line":123,"column":22},"end":{"line":123,"column":58}},"4":{"start":{"line":124,"column":16},"end":{"line":124,"column":31}},"5":{"start":{"line":125,"column":2},"end":{"line":127,"column":3}},"6":{"start":{"line":126,"column":4},"end":{"line":126,"column":53}},"7":{"start":{"line":128,"column":2},"end":{"line":128,"column":39}},"8":{"start":{"line":131,"column":2},"end":{"line":152,"column":3}},"9":{"start":{"line":131,"column":15},"end":{"line":131,"column":16}},"10":{"start":{"line":132,"column":4},"end":{"line":151,"column":5}},"11":{"start":{"line":134,"column":21},"end":{"line":134,"column":61}},"12":{"start":{"line":135,"column":27},"end":{"line":135,"column":80}},"13":{"start":{"line":138,"column":23},"end":{"line":143,"column":8}},"14":{"start":{"line":144,"column":6},"end":{"line":144,"column":42}},"15":{"start":{"line":146,"column":6},"end":{"line":149,"column":7}},"16":{"start":{"line":147,"column":8},"end":{"line":147,"column":60}},"17":{"start":{"line":148,"column":8},"end":{"line":148,"column":17}},"18":{"start":{"line":150,"column":6},"end":{"line":150,"column":18}},"19":{"start":{"line":154,"column":2},"end":{"line":154,"column":20}}},"fnMap":{"0":{"name":"execute","decl":{"start":{"line":116,"column":22},"end":{"line":116,"column":29}},"loc":{"start":{"line":118,"column":29},"end":{"line":155,"column":1}}}},"branchMap":{"0":{"loc":{"start":{"line":125,"column":2},"end":{"line":127,"column":3}},"type":"if","locations":[{"start":{"line":125,"column":2},"end":{"line":127,"column":3}}]},"1":{"loc":{"start":{"line":146,"column":6},"end":{"line":149,"column":7}},"type":"if","locations":[{"start":{"line":146,"column":6},"end":{"line":149,"column":7}}]}},"s":{"0":1,"1":1,"2":2,"3":2,"4":2,"5":2,"6":0,"7":2,"8":2,"9":2,"10":2,"11":2,"12":2,"13":2,"14":1,"15":1,"16":1,"17":1,"18":0,"19":2},"f":{"0":2},"b":{"0":[0],"1":[1]}}
}
