TN:
SF:nodes/hipe/Companies/actions/Create.ts
FN:134,execute
FN:166,(anonymous_1)
FN:167,(anonymous_2)
FN:167,(anonymous_3)
FNF:4
FNH:4
FNDA:2,execute
FNDA:4,(anonymous_1)
FNDA:4,(anonymous_2)
FNDA:4,(anonymous_3)
DA:6,1
DA:134,1
DA:138,2
DA:141,2
DA:142,2
DA:143,2
DA:144,0
DA:146,2
DA:149,2
DA:150,2
DA:151,2
DA:152,2
DA:153,2
DA:155,2
DA:156,2
DA:157,2
DA:158,2
DA:165,2
DA:166,4
DA:167,4
DA:170,2
DA:171,2
DA:173,2
DA:182,2
DA:189,1
DA:191,1
DA:192,1
DA:195,1
DA:197,0
DA:200,2
LF:30
LH:28
BRDA:143,0,0,0
BRDA:155,1,0,2
BRDA:155,1,1,0
BRDA:158,2,0,2
BRDA:159,3,0,2
BRDA:159,3,1,2
BRDA:159,3,2,2
BRDA:159,3,3,2
BRDA:159,3,4,2
BRDA:166,4,0,2
BRDA:170,5,0,2
BRDA:176,6,0,1
BRDA:176,6,1,1
BRDA:177,7,0,1
BRDA:177,7,1,1
BRDA:178,8,0,2
BRDA:178,8,1,0
BRDA:191,9,0,1
BRF:18
BRH:15
end_of_record
TN:
SF:nodes/hipe/Companies/actions/Get.ts
FN:39,execute
FNF:1
FNH:1
FNDA:2,execute
DA:5,1
DA:39,1
DA:43,2
DA:46,2
DA:47,2
DA:48,2
DA:49,0
DA:51,2
DA:54,2
DA:55,2
DA:57,2
DA:61,2
DA:67,1
DA:69,1
DA:70,1
DA:71,1
DA:73,0
DA:77,2
LF:18
LH:16
BRDA:48,0,0,0
BRDA:48,1,0,2
BRDA:48,1,1,2
BRDA:48,1,2,2
BRDA:69,2,0,1
BRF:5
BRH:4
end_of_record
TN:
SF:nodes/hipe/Companies/actions/List.ts
FN:348,execute
FNF:1
FNH:1
FNDA:3,execute
DA:5,1
DA:348,1
DA:353,3
DA:354,3
DA:355,3
DA:356,3
DA:357,0
DA:359,3
DA:361,3
DA:362,3
DA:363,3
DA:364,3
DA:365,3
DA:366,3
DA:372,3
DA:373,3
DA:374,3
DA:375,0
DA:376,0
DA:379,3
DA:387,2
DA:388,1
DA:389,1
DA:390,1
DA:392,0
DA:395,1
DA:396,1
DA:397,1
DA:399,0
DA:402,3
LF:30
LH:25
BRDA:356,0,0,0
BRDA:364,1,0,3
BRDA:364,1,1,0
BRDA:373,2,0,0
BRDA:373,3,0,3
BRDA:373,3,1,0
BRDA:374,4,0,0
BRDA:376,5,0,0
BRDA:376,5,1,0
BRDA:387,6,0,1
BRDA:387,6,1,1
BRDA:389,7,0,1
BRDA:389,7,1,0
BRDA:395,8,0,1
BRF:14
BRH:6
end_of_record
TN:
SF:nodes/hipe/Companies/actions/Update.ts
FN:130,execute
FN:161,(anonymous_1)
FN:162,(anonymous_2)
FN:162,(anonymous_3)
FNF:4
FNH:1
FNDA:2,execute
FNDA:0,(anonymous_1)
FNDA:0,(anonymous_2)
FNDA:0,(anonymous_3)
DA:6,1
DA:130,1
DA:134,2
DA:137,2
DA:138,2
DA:139,2
DA:140,0
DA:142,2
DA:145,2
DA:146,2
DA:148,2
DA:149,2
DA:151,2
DA:152,2
DA:153,2
DA:160,0
DA:161,0
DA:162,0
DA:165,2
DA:166,0
DA:169,2
DA:175,2
DA:181,1
DA:183,1
DA:184,1
DA:185,1
DA:187,0
DA:191,2
LF:28
LH:22
BRDA:139,0,0,0
BRDA:153,1,0,0
BRDA:154,2,0,2
BRDA:154,2,1,0
BRDA:154,2,2,0
BRDA:154,2,3,0
BRDA:154,2,4,0
BRDA:161,3,0,0
BRDA:165,4,0,0
BRDA:171,5,0,0
BRDA:171,5,1,2
BRDA:183,6,0,1
BRF:12
BRH:3
end_of_record
TN:
SF:nodes/hipe/Corrugated/CorrugatedFlutes/actions/Create.ts
FN:67,execute
FNF:1
FNH:0
FNDA:0,execute
DA:6,1
DA:67,1
DA:72,0
DA:74,0
DA:75,0
DA:76,0
DA:77,0
DA:79,0
DA:82,0
DA:83,0
DA:85,0
DA:86,0
DA:89,0
DA:94,0
DA:100,0
DA:110,0
DA:111,0
DA:112,0
DA:114,0
DA:118,0
LF:20
LH:2
BRDA:76,0,0,0
BRDA:110,1,0,0
BRF:2
BRH:0
end_of_record
TN:
SF:nodes/hipe/Corrugated/CorrugatedFlutes/actions/Get.ts
FN:39,execute
FNF:1
FNH:0
FNDA:0,execute
DA:5,1
DA:39,1
DA:44,0
DA:46,0
DA:47,0
DA:48,0
DA:49,0
DA:51,0
DA:54,0
DA:55,0
DA:57,0
DA:62,0
DA:67,0
DA:80,0
DA:81,0
DA:82,0
DA:84,0
DA:88,0
LF:18
LH:2
BRDA:48,0,0,0
BRDA:80,1,0,0
BRF:2
BRH:0
end_of_record
TN:
SF:nodes/hipe/Corrugated/CorrugatedFlutes/actions/List.ts
FN:111,execute
FNF:1
FNH:0
FNDA:0,execute
DA:6,1
DA:111,1
DA:116,0
DA:119,0
DA:120,0
DA:122,0
DA:123,0
DA:124,0
DA:125,0
DA:128,0
DA:129,0
DA:130,0
DA:131,0
DA:133,0
DA:136,0
DA:143,0
DA:144,0
DA:149,0
DA:151,0
DA:152,0
DA:159,0
DA:160,0
DA:161,0
DA:194,0
DA:195,0
DA:196,0
DA:198,0
DA:202,0
LF:28
LH:2
BRDA:123,0,0,0
BRDA:123,0,1,0
BRDA:130,1,0,0
BRDA:138,2,0,0
BRDA:138,2,1,0
BRDA:143,3,0,0
BRDA:145,4,0,0
BRDA:145,4,1,0
BRDA:159,5,0,0
BRDA:159,5,1,0
BRDA:159,6,0,0
BRDA:159,6,1,0
BRDA:194,7,0,0
BRF:13
BRH:0
end_of_record
TN:
SF:nodes/hipe/Corrugated/CorrugatedFlutes/actions/Update.ts
FN:67,execute
FNF:1
FNH:0
FNDA:0,execute
DA:6,1
DA:67,1
DA:72,0
DA:75,0
DA:76,0
DA:77,0
DA:78,0
DA:80,0
DA:83,0
DA:84,0
DA:86,0
DA:87,0
DA:90,0
DA:97,0
DA:108,0
DA:109,0
DA:110,0
DA:112,0
DA:116,0
LF:19
LH:2
BRDA:77,0,0,0
BRDA:108,1,0,0
BRF:2
BRH:0
end_of_record
TN:
SF:nodes/hipe/Corrugated/CorrugatedFormats/actions/Create.ts
FN:54,execute
FNF:1
FNH:0
FNDA:0,execute
DA:6,1
DA:54,1
DA:58,0
DA:61,0
DA:62,0
DA:63,0
DA:64,0
DA:66,0
DA:68,0
DA:69,0
DA:71,0
DA:72,0
DA:73,0
DA:76,0
DA:83,0
DA:92,0
DA:94,0
DA:95,0
DA:96,0
DA:98,0
DA:102,0
LF:21
LH:2
BRDA:63,0,0,0
BRDA:94,1,0,0
BRF:2
BRH:0
end_of_record
TN:
SF:nodes/hipe/Corrugated/CorrugatedFormats/actions/Get.ts
FN:39,execute
FNF:1
FNH:0
FNDA:0,execute
DA:5,1
DA:39,1
DA:43,0
DA:46,0
DA:47,0
DA:48,0
DA:49,0
DA:51,0
DA:53,0
DA:54,0
DA:56,0
DA:60,0
DA:66,0
DA:68,0
DA:69,0
DA:70,0
DA:72,0
DA:76,0
LF:18
LH:2
BRDA:48,0,0,0
BRDA:68,1,0,0
BRF:2
BRH:0
end_of_record
TN:
SF:nodes/hipe/Corrugated/CorrugatedFormats/actions/List.ts
FN:117,execute
FNF:1
FNH:0
FNDA:0,execute
DA:5,1
DA:117,1
DA:121,0
DA:124,0
DA:125,0
DA:126,0
DA:127,0
DA:130,0
DA:131,0
DA:133,0
DA:134,0
DA:135,0
DA:136,0
DA:139,0
DA:140,0
DA:141,0
DA:142,0
DA:143,0
DA:144,0
DA:148,0
DA:149,0
DA:153,0
DA:160,0
DA:162,0
DA:163,0
DA:164,0
DA:166,0
DA:170,0
LF:28
LH:2
BRDA:126,0,0,0
BRDA:134,1,0,0
BRDA:134,1,1,0
BRDA:140,2,0,0
BRDA:141,3,0,0
BRDA:143,4,0,0
BRDA:143,5,0,0
BRDA:143,5,1,0
BRDA:148,6,0,0
BRDA:148,7,0,0
BRDA:148,7,1,0
BRDA:149,8,0,0
BRDA:149,8,1,0
BRDA:162,9,0,0
BRF:14
BRH:0
end_of_record
TN:
SF:nodes/hipe/Corrugated/CorrugatedFormats/actions/Update.ts
FN:54,execute
FNF:1
FNH:0
FNDA:0,execute
DA:6,1
DA:54,1
DA:58,0
DA:61,0
DA:62,0
DA:63,0
DA:64,0
DA:66,0
DA:68,0
DA:69,0
DA:71,0
DA:72,0
DA:75,0
DA:82,0
DA:84,0
DA:85,0
DA:86,0
DA:88,0
DA:92,0
LF:19
LH:2
BRDA:63,0,0,0
BRDA:84,1,0,0
BRF:2
BRH:0
end_of_record
TN:
SF:nodes/hipe/Corrugated/CorrugatedLiners/actions/Create.ts
FN:113,execute
FNF:1
FNH:0
FNDA:0,execute
DA:6,1
DA:113,1
DA:117,0
DA:120,0
DA:121,0
DA:122,0
DA:123,0
DA:125,0
DA:128,0
DA:129,0
DA:131,0
DA:132,0
DA:133,0
DA:136,0
DA:143,0
DA:149,0
DA:151,0
DA:152,0
DA:153,0
DA:155,0
DA:158,0
LF:21
LH:2
BRDA:122,0,0,0
BRDA:151,1,0,0
BRF:2
BRH:0
end_of_record
TN:
SF:nodes/hipe/Corrugated/CorrugatedLiners/actions/Get.ts
FN:39,execute
FNF:1
FNH:0
FNDA:0,execute
DA:5,1
DA:39,1
DA:43,0
DA:46,0
DA:47,0
DA:48,0
DA:49,0
DA:51,0
DA:54,0
DA:55,0
DA:57,0
DA:61,0
DA:66,0
DA:68,0
DA:69,0
DA:70,0
DA:72,0
DA:75,0
LF:18
LH:2
BRDA:48,0,0,0
BRDA:68,1,0,0
BRF:2
BRH:0
end_of_record
TN:
SF:nodes/hipe/Corrugated/CorrugatedLiners/actions/List.ts
FN:140,execute
FNF:1
FNH:0
FNDA:0,execute
DA:6,1
DA:140,1
DA:144,0
DA:147,0
DA:148,0
DA:149,0
DA:150,0
DA:152,0
DA:155,0
DA:156,0
DA:158,0
DA:159,0
DA:160,0
DA:161,0
DA:164,0
DA:171,0
DA:172,0
DA:178,0
DA:184,0
DA:186,0
DA:187,0
DA:188,0
DA:190,0
DA:193,0
LF:24
LH:2
BRDA:149,0,0,0
BRDA:159,1,0,0
BRDA:159,1,1,0
BRDA:166,2,0,0
BRDA:166,2,1,0
BRDA:171,3,0,0
BRDA:173,4,0,0
BRDA:173,4,1,0
BRDA:186,5,0,0
BRF:9
BRH:0
end_of_record
TN:
SF:nodes/hipe/Corrugated/CorrugatedLiners/actions/Update.ts
FN:125,execute
FNF:1
FNH:0
FNDA:0,execute
DA:6,1
DA:125,1
DA:129,0
DA:132,0
DA:133,0
DA:134,0
DA:135,0
DA:137,0
DA:140,0
DA:141,0
DA:143,0
DA:144,0
DA:147,0
DA:153,0
DA:155,0
DA:156,0
DA:157,0
DA:159,0
DA:162,0
LF:19
LH:2
BRDA:134,0,0,0
BRDA:155,1,0,0
BRF:2
BRH:0
end_of_record
TN:
SF:nodes/hipe/Corrugated/CorrugatedMaterialCompositionPrices/actions/Create.ts
FN:94,execute
FNF:1
FNH:0
FNDA:0,execute
DA:6,1
DA:94,1
DA:99,0
DA:102,0
DA:103,0
DA:105,0
DA:106,0
DA:107,0
DA:108,0
DA:111,0
DA:120,0
DA:127,0
DA:128,0
DA:129,0
DA:131,0
DA:135,0
LF:16
LH:2
BRDA:127,0,0,0
BRF:1
BRH:0
end_of_record
TN:
SF:nodes/hipe/Corrugated/CorrugatedMaterialCompositionPrices/actions/CreateBulk.ts
FN:45,execute
FN:71,(anonymous_1)
FNF:2
FNH:0
FNDA:0,execute
FNDA:0,(anonymous_1)
DA:5,1
DA:45,1
DA:50,0
DA:53,0
DA:54,0
DA:56,0
DA:60,0
DA:62,0
DA:63,0
DA:68,0
DA:71,0
DA:78,0
DA:79,0
DA:80,0
DA:82,0
DA:86,0
LF:16
LH:2
BRDA:62,0,0,0
BRDA:78,1,0,0
BRDA:78,2,0,0
BRDA:78,2,1,0
BRF:4
BRH:0
end_of_record
TN:
SF:nodes/hipe/Corrugated/CorrugatedMaterialCompositionPrices/actions/Delete.ts
FN:23,execute
FNF:1
FNH:0
FNDA:0,execute
DA:5,1
DA:23,1
DA:28,0
DA:31,0
DA:32,0
DA:34,0
DA:38,0
DA:48,0
DA:49,0
DA:50,0
DA:52,0
DA:56,0
LF:12
LH:2
BRDA:48,0,0,0
BRF:1
BRH:0
end_of_record
TN:
SF:nodes/hipe/Corrugated/CorrugatedMaterialCompositionPrices/actions/Get.ts
FN:40,execute
FNF:1
FNH:0
FNDA:0,execute
DA:6,1
DA:40,1
DA:44,0
DA:45,0
DA:46,0
DA:47,0
DA:48,0
DA:50,0
DA:52,0
DA:53,0
DA:54,0
DA:55,0
DA:60,0
DA:62,0
DA:63,0
DA:64,0
DA:66,0
DA:69,0
LF:18
LH:2
BRDA:47,0,0,0
BRDA:62,1,0,0
BRF:2
BRH:0
end_of_record
TN:
SF:nodes/hipe/Corrugated/CorrugatedMaterialCompositionPrices/actions/List.ts
FN:124,execute
FNF:1
FNH:0
FNDA:0,execute
DA:5,1
DA:124,1
DA:128,0
DA:129,0
DA:130,0
DA:131,0
DA:132,0
DA:134,0
DA:136,0
DA:137,0
DA:138,0
DA:139,0
DA:140,0
DA:141,0
DA:144,0
DA:145,0
DA:146,0
DA:147,0
DA:148,0
DA:151,0
DA:159,0
DA:160,0
DA:161,0
DA:162,0
DA:164,0
DA:167,0
DA:168,0
DA:169,0
DA:171,0
DA:174,0
LF:30
LH:2
BRDA:131,0,0,0
BRDA:139,1,0,0
BRDA:139,1,1,0
BRDA:145,2,0,0
BRDA:145,3,0,0
BRDA:145,3,1,0
BRDA:146,4,0,0
BRDA:148,5,0,0
BRDA:148,5,1,0
BRDA:159,6,0,0
BRDA:159,6,1,0
BRDA:161,7,0,0
BRDA:161,7,1,0
BRDA:167,8,0,0
BRF:14
BRH:0
end_of_record
TN:
SF:nodes/hipe/Corrugated/CorrugatedMaterialCompositionPrices/actions/Update.ts
FN:105,execute
FNF:1
FNH:0
FNDA:0,execute
DA:6,1
DA:105,1
DA:110,0
DA:113,0
DA:114,0
DA:116,0
DA:117,0
DA:121,0
DA:131,0
DA:132,0
DA:133,0
DA:135,0
DA:139,0
LF:13
LH:2
BRDA:131,0,0,0
BRF:1
BRH:0
end_of_record
TN:
SF:nodes/hipe/Corrugated/CorrugatedMaterialCompositions/actions/Create.ts
FN:71,execute
FNF:1
FNH:0
FNDA:0,execute
DA:6,1
DA:71,1
DA:76,0
DA:79,0
DA:80,0
DA:82,0
DA:83,0
DA:84,0
DA:85,0
DA:88,0
DA:97,0
DA:104,0
DA:105,0
DA:106,0
DA:108,0
DA:112,0
LF:16
LH:2
BRDA:104,0,0,0
BRF:1
BRH:0
end_of_record
TN:
SF:nodes/hipe/Corrugated/CorrugatedMaterialCompositions/actions/CreateBulk.ts
FN:45,execute
FN:71,(anonymous_1)
FNF:2
FNH:0
FNDA:0,execute
FNDA:0,(anonymous_1)
DA:5,1
DA:45,1
DA:50,0
DA:53,0
DA:54,0
DA:56,0
DA:60,0
DA:62,0
DA:63,0
DA:68,0
DA:71,0
DA:78,0
DA:79,0
DA:80,0
DA:82,0
DA:86,0
LF:16
LH:2
BRDA:62,0,0,0
BRDA:78,1,0,0
BRDA:78,2,0,0
BRDA:78,2,1,0
BRF:4
BRH:0
end_of_record
TN:
SF:nodes/hipe/Corrugated/CorrugatedMaterialCompositions/actions/Delete.ts
FN:23,execute
FNF:1
FNH:0
FNDA:0,execute
DA:5,1
DA:23,1
DA:28,0
DA:31,0
DA:32,0
DA:34,0
DA:38,0
DA:48,0
DA:49,0
DA:50,0
DA:52,0
DA:56,0
LF:12
LH:2
BRDA:48,0,0,0
BRF:1
BRH:0
end_of_record
TN:
SF:nodes/hipe/Corrugated/CorrugatedMaterialCompositions/actions/Get.ts
FN:40,execute
FNF:1
FNH:0
FNDA:0,execute
DA:6,1
DA:40,1
DA:45,0
DA:48,0
DA:49,0
DA:50,0
DA:51,0
DA:53,0
DA:55,0
DA:56,0
DA:57,0
DA:58,0
DA:63,0
DA:65,0
DA:66,0
DA:67,0
DA:69,0
DA:72,0
LF:18
LH:2
BRDA:50,0,0,0
BRDA:65,1,0,0
BRF:2
BRH:0
end_of_record
TN:
SF:nodes/hipe/Corrugated/CorrugatedMaterialCompositions/actions/List.ts
FN:113,execute
FNF:1
FNH:0
FNDA:0,execute
DA:5,1
DA:113,1
DA:117,0
DA:118,0
DA:119,0
DA:120,0
DA:121,0
DA:123,0
DA:125,0
DA:126,0
DA:127,0
DA:128,0
DA:129,0
DA:130,0
DA:133,0
DA:134,0
DA:135,0
DA:136,0
DA:137,0
DA:140,0
DA:148,0
DA:149,0
DA:150,0
DA:151,0
DA:153,0
DA:156,0
DA:157,0
DA:158,0
DA:160,0
DA:163,0
LF:30
LH:2
BRDA:120,0,0,0
BRDA:128,1,0,0
BRDA:128,1,1,0
BRDA:134,2,0,0
BRDA:134,3,0,0
BRDA:134,3,1,0
BRDA:135,4,0,0
BRDA:137,5,0,0
BRDA:137,5,1,0
BRDA:148,6,0,0
BRDA:148,6,1,0
BRDA:150,7,0,0
BRDA:150,7,1,0
BRDA:156,8,0,0
BRF:14
BRH:0
end_of_record
TN:
SF:nodes/hipe/Corrugated/CorrugatedMaterialCompositions/actions/Update.ts
FN:82,execute
FNF:1
FNH:0
FNDA:0,execute
DA:6,1
DA:82,1
DA:87,0
DA:90,0
DA:91,0
DA:93,0
DA:94,0
DA:98,0
DA:108,0
DA:109,0
DA:110,0
DA:112,0
DA:116,0
LF:13
LH:2
BRDA:108,0,0,0
BRF:1
BRH:0
end_of_record
TN:
SF:nodes/hipe/Corrugated/CorrugatedMaterials/actions/Create.ts
FN:53,execute
FNF:1
FNH:0
FNDA:0,execute
DA:6,1
DA:53,1
DA:58,0
DA:61,0
DA:62,0
DA:64,0
DA:65,0
DA:66,0
DA:69,0
DA:77,0
DA:84,0
DA:85,0
DA:86,0
DA:88,0
DA:92,0
LF:15
LH:2
BRDA:84,0,0,0
BRF:1
BRH:0
end_of_record
TN:
SF:nodes/hipe/Corrugated/CorrugatedMaterials/actions/Get.ts
FN:40,execute
FNF:1
FNH:0
FNDA:0,execute
DA:6,1
DA:40,1
DA:45,0
DA:48,0
DA:49,0
DA:50,0
DA:51,0
DA:53,0
DA:56,0
DA:57,0
DA:58,0
DA:59,0
DA:64,0
DA:66,0
DA:67,0
DA:68,0
DA:70,0
DA:74,0
LF:18
LH:2
BRDA:50,0,0,0
BRDA:66,1,0,0
BRF:2
BRH:0
end_of_record
TN:
SF:nodes/hipe/Corrugated/CorrugatedMaterials/actions/List.ts
FN:110,execute
FNF:1
FNH:0
FNDA:0,execute
DA:5,1
DA:110,1
DA:114,0
DA:115,0
DA:116,0
DA:117,0
DA:118,0
DA:120,0
DA:122,0
DA:123,0
DA:124,0
DA:125,0
DA:126,0
DA:127,0
DA:130,0
DA:131,0
DA:132,0
DA:133,0
DA:134,0
DA:137,0
DA:145,0
DA:146,0
DA:147,0
DA:148,0
DA:150,0
DA:153,0
DA:154,0
DA:155,0
DA:157,0
DA:161,0
LF:30
LH:2
BRDA:117,0,0,0
BRDA:125,1,0,0
BRDA:125,1,1,0
BRDA:131,2,0,0
BRDA:131,3,0,0
BRDA:131,3,1,0
BRDA:132,4,0,0
BRDA:134,5,0,0
BRDA:134,5,1,0
BRDA:145,6,0,0
BRDA:145,6,1,0
BRDA:147,7,0,0
BRDA:147,7,1,0
BRDA:153,8,0,0
BRF:14
BRH:0
end_of_record
TN:
SF:nodes/hipe/Corrugated/CorrugatedMaterials/actions/Update.ts
FN:66,execute
FNF:1
FNH:0
FNDA:0,execute
DA:6,1
DA:66,1
DA:71,0
DA:74,0
DA:75,0
DA:77,0
DA:78,0
DA:82,0
DA:92,0
DA:93,0
DA:94,0
DA:96,0
DA:100,0
LF:13
LH:2
BRDA:92,0,0,0
BRF:1
BRH:0
end_of_record
TN:
SF:nodes/hipe/Corrugated/CorrugatedSuppliers/actions/Create.ts
FN:53,execute
FNF:1
FNH:0
FNDA:0,execute
DA:6,1
DA:53,1
DA:58,0
DA:61,0
DA:62,0
DA:64,0
DA:65,0
DA:68,0
DA:75,0
DA:82,0
DA:83,0
DA:84,0
DA:86,0
DA:90,0
LF:14
LH:2
BRDA:82,0,0,0
BRF:1
BRH:0
end_of_record
TN:
SF:nodes/hipe/Corrugated/CorrugatedSuppliers/actions/List.ts
FN:124,execute
FNF:1
FNH:0
FNDA:0,execute
DA:5,1
DA:124,1
DA:128,0
DA:129,0
DA:130,0
DA:131,0
DA:132,0
DA:134,0
DA:136,0
DA:137,0
DA:138,0
DA:139,0
DA:140,0
DA:141,0
DA:147,0
DA:148,0
DA:149,0
DA:150,0
DA:151,0
DA:154,0
DA:162,0
DA:163,0
DA:164,0
DA:165,0
DA:167,0
DA:170,0
DA:171,0
DA:172,0
DA:174,0
DA:177,0
LF:30
LH:2
BRDA:131,0,0,0
BRDA:139,1,0,0
BRDA:139,1,1,0
BRDA:148,2,0,0
BRDA:148,3,0,0
BRDA:148,3,1,0
BRDA:149,4,0,0
BRDA:151,5,0,0
BRDA:151,5,1,0
BRDA:162,6,0,0
BRDA:162,6,1,0
BRDA:164,7,0,0
BRDA:164,7,1,0
BRDA:170,8,0,0
BRF:14
BRH:0
end_of_record
TN:
SF:nodes/hipe/Corrugated/CorrugatedSuppliers/actions/Update.ts
FN:66,execute
FNF:1
FNH:0
FNDA:0,execute
DA:6,1
DA:66,1
DA:71,0
DA:74,0
DA:75,0
DA:77,0
DA:78,0
DA:82,0
DA:92,0
DA:93,0
DA:94,0
DA:96,0
DA:100,0
LF:13
LH:2
BRDA:92,0,0,0
BRF:1
BRH:0
end_of_record
TN:
SF:nodes/hipe/Users/actions/CreateContact.ts
FN:120,execute
FNF:1
FNH:1
FNDA:1,execute
DA:6,1
DA:120,1
DA:124,1
DA:127,1
DA:128,1
DA:129,1
DA:130,0
DA:132,1
DA:135,1
DA:136,1
DA:138,1
DA:139,1
DA:140,1
DA:141,1
DA:142,1
DA:143,1
DA:144,1
DA:145,1
DA:148,1
DA:159,1
DA:168,1
DA:170,0
DA:171,0
DA:172,0
DA:174,0
DA:178,1
LF:26
LH:21
BRDA:129,0,0,0
BRDA:170,1,0,0
BRF:2
BRH:0
end_of_record
TN:
SF:nodes/hipe/Users/actions/Get.ts
FN:39,execute
FNF:1
FNH:1
FNDA:2,execute
DA:5,1
DA:39,1
DA:43,2
DA:46,2
DA:47,2
DA:48,2
DA:49,0
DA:51,2
DA:54,2
DA:55,2
DA:57,2
DA:61,2
DA:67,1
DA:69,1
DA:70,1
DA:71,1
DA:73,0
DA:77,2
LF:18
LH:16
BRDA:48,0,0,0
BRDA:48,1,0,2
BRDA:48,1,1,2
BRDA:48,1,2,2
BRDA:69,2,0,1
BRF:5
BRH:4
end_of_record
TN:
SF:nodes/hipe/Users/actions/List.ts
FN:158,execute
FNF:1
FNH:1
FNDA:3,execute
DA:5,1
DA:158,1
DA:163,3
DA:164,3
DA:165,3
DA:166,3
DA:167,0
DA:169,3
DA:171,3
DA:172,3
DA:173,3
DA:174,3
DA:175,3
DA:176,3
DA:179,3
DA:180,3
DA:181,3
DA:182,0
DA:183,0
DA:186,3
DA:194,2
DA:195,1
DA:196,1
DA:197,1
DA:199,0
DA:202,1
DA:203,1
DA:204,1
DA:206,0
DA:209,3
LF:30
LH:25
BRDA:166,0,0,0
BRDA:174,1,0,3
BRDA:174,1,1,0
BRDA:180,2,0,0
BRDA:180,3,0,3
BRDA:180,3,1,0
BRDA:181,4,0,0
BRDA:183,5,0,0
BRDA:183,5,1,0
BRDA:194,6,0,1
BRDA:194,6,1,1
BRDA:196,7,0,1
BRDA:196,7,1,0
BRDA:202,8,0,1
BRF:14
BRH:6
end_of_record
TN:
SF:nodes/hipe/Users/actions/Update.ts
FN:116,execute
FNF:1
FNH:1
FNDA:2,execute
DA:6,1
DA:116,1
DA:120,2
DA:123,2
DA:124,2
DA:125,2
DA:126,0
DA:128,2
DA:131,2
DA:132,2
DA:134,2
DA:135,2
DA:138,2
DA:144,1
DA:146,1
DA:147,1
DA:148,1
DA:150,0
DA:154,2
LF:19
LH:17
BRDA:125,0,0,0
BRDA:146,1,0,1
BRF:2
BRH:1
end_of_record
